Log file open, 10/05/19 10:35:16
LogWindows: Failed to load 'aqProf.dll' (GetLastError=126)
LogWindows: File 'aqProf.dll' does not exist
LogWindows: Failed to load 'VtuneApi.dll' (GetLastError=126)
LogWindows: File 'VtuneApi.dll' does not exist
LogWindows: Failed to load 'VtuneApi32e.dll' (GetLastError=126)
LogWindows: File 'VtuneApi32e.dll' does not exist
LogConsoleResponse: Display: Failed to find resolution value strings in scalability ini. Falling back to default.
LogInit: Display: Running engine for game: LD45
LogPakFile: Registered encryption key '00000000000000000000000000000000': 0 pak files mounted, 0 remain pending
LogPlatformFile: Not using cached read wrapper
LogTaskGraph: Started task graph with 5 named threads and 14 total threads with 3 sets of task threads.
LogStats: Stats thread started at 2.110593
LogD3D11RHI: Loaded GFSDK_Aftermath_Lib.x64.dll
LogICUInternationalization: ICU TimeZone Detection - Raw Offset: +1:00, Platform Override: ''
LogPluginManager: Mounting plugin Paper2D
LogPluginManager: Mounting plugin AISupport
LogPluginManager: Mounting plugin LightPropagationVolume
LogPluginManager: Mounting plugin ActorLayerUtilities
LogPluginManager: Mounting plugin AnimationSharing
LogPluginManager: Mounting plugin CLionSourceCodeAccess
LogPluginManager: Mounting plugin CodeLiteSourceCodeAccess
LogPluginManager: Mounting plugin GitSourceControl
LogPluginManager: Mounting plugin KDevelopSourceCodeAccess
LogPluginManager: Mounting plugin NullSourceCodeAccess
LogPluginManager: Mounting plugin PerforceSourceControl
LogPluginManager: Mounting plugin SubversionSourceControl
LogPluginManager: Mounting plugin UObjectPlugin
LogPluginManager: Mounting plugin VisualStudioCodeSourceCodeAccess
LogPluginManager: Mounting plugin VisualStudioSourceCodeAccess
LogPluginManager: Mounting plugin XCodeSourceCodeAccess
LogPluginManager: Mounting plugin AssetManagerEditor
LogPluginManager: Mounting plugin CryptoKeys
LogPluginManager: Mounting plugin DataValidation
LogPluginManager: Mounting plugin FacialAnimation
LogPluginManager: Mounting plugin GameplayTagsEditor
LogPluginManager: Mounting plugin MacGraphicsSwitching
LogPluginManager: Mounting plugin MaterialAnalyzer
LogPluginManager: Mounting plugin MobileLauncherProfileWizard
LogPluginManager: Mounting plugin PluginBrowser
LogPluginManager: Mounting plugin SpeedTreeImporter
LogPluginManager: Mounting plugin DatasmithContent
LogPluginManager: Mounting plugin VariantManagerContent
LogPluginManager: Mounting plugin AlembicImporter
LogPluginManager: Mounting plugin AppleImageUtils
LogPluginManager: Mounting plugin AppleVision
LogPluginManager: Mounting plugin BackChannel
LogPluginManager: Mounting plugin CharacterAI
LogPluginManager: Mounting plugin GeometryCache
LogPluginManager: Mounting plugin HTML5Networking
LogPluginManager: Mounting plugin ProxyLODPlugin
LogPluginManager: Mounting plugin SkeletalReduction
LogPluginManager: Mounting plugin MagicLeap
LogPluginManager: Mounting plugin MagicLeapMedia
LogPluginManager: Mounting plugin AndroidMedia
LogPluginManager: Mounting plugin AvfMedia
LogPluginManager: Mounting plugin ImgMedia
LogPluginManager: Mounting plugin LinearTimecode
LogPluginManager: Mounting plugin MediaCompositing
LogPluginManager: Mounting plugin MediaPlayerEditor
LogPluginManager: Mounting plugin WebMMedia
LogPluginManager: Mounting plugin WmfMedia
LogPluginManager: Mounting plugin TcpMessaging
LogPluginManager: Mounting plugin UdpMessaging
LogPluginManager: Mounting plugin ActorSequence
LogPluginManager: Mounting plugin LevelSequenceEditor
LogPluginManager: Mounting plugin MatineeToLevelSequence
LogPluginManager: Mounting plugin NetcodeUnitTest
LogPluginManager: Mounting plugin NUTUnrealEngine4
LogPluginManager: Mounting plugin OnlineSubsystemGooglePlay
LogPluginManager: Mounting plugin OnlineSubsystemIOS
LogPluginManager: Mounting plugin OnlineSubsystem
LogPluginManager: Mounting plugin OnlineSubsystemNull
LogPluginManager: Mounting plugin OnlineSubsystemUtils
LogPluginManager: Mounting plugin LauncherChunkInstaller
LogPluginManager: Mounting plugin AndroidDeviceProfileSelector
LogPluginManager: Mounting plugin AndroidMoviePlayer
LogPluginManager: Mounting plugin AndroidPermission
LogPluginManager: Mounting plugin AppleMoviePlayer
LogPluginManager: Mounting plugin ArchVisCharacter
LogPluginManager: Mounting plugin AudioCapture
LogPluginManager: Mounting plugin CableComponent
LogPluginManager: Mounting plugin CustomMeshComponent
LogPluginManager: Mounting plugin EditableMesh
LogPluginManager: Mounting plugin ExampleDeviceProfileSelector
LogPluginManager: Mounting plugin Firebase
LogPluginManager: Mounting plugin GoogleCloudMessaging
LogPluginManager: Mounting plugin IOSDeviceProfileSelector
LogPluginManager: Mounting plugin LinuxDeviceProfileSelector
LogPluginManager: Mounting plugin LocationServicesBPLibrary
LogPluginManager: Mounting plugin MobilePatchingUtils
LogPluginManager: Mounting plugin OculusVR
LogPluginManager: Mounting plugin PhysXVehicles
LogPluginManager: Mounting plugin ProceduralMeshComponent
LogPluginManager: Mounting plugin RuntimePhysXCooking
LogPluginManager: Mounting plugin SignificanceManager
LogPluginManager: Mounting plugin SteamVR
LogPluginManager: Mounting plugin WebMMoviePlayer
LogPluginManager: Mounting plugin WindowsMoviePlayer
LogInit: Using libcurl 7.55.1-DEV
LogInit:  - built for x86_64-pc-win32
LogInit:  - supports SSL with OpenSSL/1.1.1
LogInit:  - supports HTTP deflate (compression) using libz 1.2.8
LogInit:  - other features:
LogInit:      CURL_VERSION_SSL
LogInit:      CURL_VERSION_LIBZ
LogInit:      CURL_VERSION_IPV6
LogInit:      CURL_VERSION_ASYNCHDNS
LogInit:      CURL_VERSION_LARGEFILE
LogInit:      CURL_VERSION_IDN
LogInit:  CurlRequestOptions (configurable via config and command line):
LogInit:  - bVerifyPeer = true  - Libcurl will verify peer certificate
LogInit:  - bUseHttpProxy = false  - Libcurl will NOT use HTTP proxy
LogInit:  - bDontReuseConnections = false  - Libcurl will reuse connections
LogInit:  - MaxHostConnections = 16  - Libcurl will limit the number of connections to a host
LogInit:  - LocalHostAddr = Default
LogInit:  - BufferSize = 65536
LogInit: WinSock: version 1.1 (2.2), MaxSocks=32767, MaxUdp=65467
LogInit: Build: ++UE4+Release-4.22-CL-7053642
LogInit: Engine Version: 4.22.3-7053642+++UE4+Release-4.22
LogInit: Compatible Engine Version: 4.22.0-5660361+++UE4+Release-4.22
LogInit: Net CL: 5660361
LogInit: OS: Windows 10 (Release 1903) (), CPU: Intel(R) Core(TM) i5-6300HQ CPU @ 2.30GHz, GPU: Intel(R) HD Graphics 530
LogInit: Compiled (64-bit): Jun 18 2019 03:09:11
LogInit: Compiled with Visual C++: 19.16.27025.01
LogInit: Build Configuration: Development
LogInit: Branch Name: ++UE4+Release-4.22
LogInit: Command Line: 
LogInit: Base Directory: C:/Program Files/Epic Games/UE_4.22/Engine/Binaries/Win64/
LogInit: Installed Engine Build: 1
LogDevObjectVersion: Number of dev versions registered: 23
LogDevObjectVersion:   Dev-Blueprints (B0D832E4-1F89-4F0D-ACCF-7EB736FD4AA2): 10
LogDevObjectVersion:   Dev-Build (E1C64328-A22C-4D53-A36C-8E866417BD8C): 0
LogDevObjectVersion:   Dev-Core (375EC13C-06E4-48FB-B500-84F0262A717E): 3
LogDevObjectVersion:   Dev-Editor (E4B068ED-F494-42E9-A231-DA0B2E46BB41): 30
LogDevObjectVersion:   Dev-Framework (CFFC743F-43B0-4480-9391-14DF171D2073): 35
LogDevObjectVersion:   Dev-Mobile (B02B49B5-BB20-44E9-A304-32B752E40360): 2
LogDevObjectVersion:   Dev-Networking (A4E4105C-59A1-49B5-A7C5-40C4547EDFEE): 0
LogDevObjectVersion:   Dev-Online (39C831C9-5AE6-47DC-9A44-9C173E1C8E7C): 0
LogDevObjectVersion:   Dev-Physics (78F01B33-EBEA-4F98-B9B4-84EACCB95AA2): 0
LogDevObjectVersion:   Dev-Platform (6631380F-2D4D-43E0-8009-CF276956A95A): 0
LogDevObjectVersion:   Dev-Rendering (12F88B9F-8875-4AFC-A67C-D90C383ABD29): 28
LogDevObjectVersion:   Dev-Sequencer (7B5AE74C-D270-4C10-A958-57980B212A5A): 11
LogDevObjectVersion:   Dev-VR (D7296918-1DD6-4BDD-9DE2-64A83CC13884): 2
LogDevObjectVersion:   Dev-LoadTimes (C2A15278-BFE7-4AFE-6C17-90FF531DF755): 1
LogDevObjectVersion:   Private-Geometry (6EACA3D4-40EC-4CC1-B786-8BED09428FC5): 3
LogDevObjectVersion:   Dev-AnimPhys (29E575DD-E0A3-4627-9D10-D276232CDCEA): 17
LogDevObjectVersion:   Dev-Anim (AF43A65D-7FD3-4947-9873-3E8ED9C1BB05): 2
LogDevObjectVersion:   Dev-ReflectionCapture (6B266CEC-1EC7-4B8F-A30B-E4D90942FC07): 1
LogDevObjectVersion:   Dev-Automation (0DF73D61-A23F-47EA-B727-89E90C41499A): 1
LogDevObjectVersion:   FortniteMain (601D1886-AC64-4F84-AA16-D3DE0DEAC7D6): 25
LogDevObjectVersion:   Dev-Enterprise (9DFFBCD6-494F-0158-E221-12823C92A888): 6
LogDevObjectVersion:   Dev-Niagara (F2AED0AC-9AFE-416F-8664-AA7FFA26D6FC): 1
LogDevObjectVersion:   Dev-Destruction (174F1F0B-B4C6-45A5-B13F-2EE8D0FB917D): 2
LogInit: Presizing for max 16777216 objects, including 0 objects not considered by GC, pre-allocating 0 bytes for permanent pool.
LogInit: Object subsystem initialized
LogConfig: Setting CVar [[con.DebugEarlyDefault:1]]
LogConfig: Setting CVar [[r.setres:1280x720]]
[2019.10.05-08.35.19:633][  0]LogConfig: Setting CVar [[r.VSync:0]]
[2019.10.05-08.35.19:634][  0]LogConfig: Setting CVar [[r.RHICmdBypass:0]]
[2019.10.05-08.35.19:634][  0]LogConfig: Applying CVar settings from Section [/Script/Engine.RendererSettings] File [C:/Github/Projets/LudumDare45/LD45/Saved/Config/Windows/Engine.ini]
[2019.10.05-08.35.19:634][  0]LogConfig: Setting CVar [[r.GPUCrashDebugging:0]]
[2019.10.05-08.35.19:634][  0]LogConfig: Setting CVar [[r.DefaultFeature.AutoExposure.ExtendDefaultLuminanceRange:1]]
[2019.10.05-08.35.19:634][  0]LogConfig: Applying CVar settings from Section [/Script/Engine.RendererOverrideSettings] File [C:/Github/Projets/LudumDare45/LD45/Saved/Config/Windows/Engine.ini]
[2019.10.05-08.35.19:634][  0]LogConfig: Applying CVar settings from Section [/Script/Engine.StreamingSettings] File [C:/Github/Projets/LudumDare45/LD45/Saved/Config/Windows/Engine.ini]
[2019.10.05-08.35.19:634][  0]LogConfig: Setting CVar [[s.MinBulkDataSizeForAsyncLoading:131072]]
[2019.10.05-08.35.19:634][  0]LogConfig: Setting CVar [[s.AsyncLoadingThreadEnabled:0]]
[2019.10.05-08.35.19:634][  0]LogConfig: Setting CVar [[s.EventDrivenLoaderEnabled:1]]
[2019.10.05-08.35.19:634][  0]LogConfig: Setting CVar [[s.WarnIfTimeLimitExceeded:0]]
[2019.10.05-08.35.19:634][  0]LogConfig: Setting CVar [[s.TimeLimitExceededMultiplier:1.5]]
[2019.10.05-08.35.19:634][  0]LogConfig: Setting CVar [[s.TimeLimitExceededMinTime:0.005]]
[2019.10.05-08.35.19:634][  0]LogConfig: Setting CVar [[s.UseBackgroundLevelStreaming:1]]
[2019.10.05-08.35.19:634][  0]LogConfig: Setting CVar [[s.PriorityAsyncLoadingExtraTime:15.0]]
[2019.10.05-08.35.19:634][  0]LogConfig: Setting CVar [[s.LevelStreamingActorsUpdateTimeLimit:5.0]]
[2019.10.05-08.35.19:634][  0]LogConfig: Setting CVar [[s.PriorityLevelStreamingActorsUpdateExtraTime:5.0]]
[2019.10.05-08.35.19:634][  0]LogConfig: Setting CVar [[s.LevelStreamingComponentsRegistrationGranularity:10]]
[2019.10.05-08.35.19:634][  0]LogConfig: Setting CVar [[s.UnregisterComponentsTimeLimit:1.0]]
[2019.10.05-08.35.19:634][  0]LogConfig: Setting CVar [[s.LevelStreamingComponentsUnregistrationGranularity:5]]
[2019.10.05-08.35.19:634][  0]LogConfig: Applying CVar settings from Section [/Script/Engine.GarbageCollectionSettings] File [C:/Github/Projets/LudumDare45/LD45/Saved/Config/Windows/Engine.ini]
[2019.10.05-08.35.19:634][  0]LogConfig: Setting CVar [[gc.MaxObjectsNotConsideredByGC:1]]
[2019.10.05-08.35.19:634][  0]LogConfig: Setting CVar [[gc.SizeOfPermanentObjectPool:0]]
[2019.10.05-08.35.19:634][  0]LogConfig: Setting CVar [[gc.FlushStreamingOnGC:0]]
[2019.10.05-08.35.19:634][  0]LogConfig: Setting CVar [[gc.NumRetriesBeforeForcingGC:10]]
[2019.10.05-08.35.19:634][  0]LogConfig: Setting CVar [[gc.AllowParallelGC:1]]
[2019.10.05-08.35.19:634][  0]LogConfig: Setting CVar [[gc.TimeBetweenPurgingPendingKillObjects:61.1]]
[2019.10.05-08.35.19:634][  0]LogConfig: Setting CVar [[gc.MaxObjectsInEditor:16777216]]
[2019.10.05-08.35.19:634][  0]LogConfig: Setting CVar [[gc.IncrementalBeginDestroyEnabled:1]]
[2019.10.05-08.35.19:634][  0]LogConfig: Setting CVar [[gc.CreateGCClusters:1]]
[2019.10.05-08.35.19:634][  0]LogConfig: Setting CVar [[gc.MinGCClusterSize:5]]
[2019.10.05-08.35.19:634][  0]LogConfig: Setting CVar [[gc.ActorClusteringEnabled:0]]
[2019.10.05-08.35.19:634][  0]LogConfig: Setting CVar [[gc.BlueprintClusteringEnabled:0]]
[2019.10.05-08.35.19:634][  0]LogConfig: Setting CVar [[gc.UseDisregardForGCOnDedicatedServers:0]]
[2019.10.05-08.35.19:634][  0]LogConfig: Applying CVar settings from Section [/Script/Engine.NetworkSettings] File [C:/Github/Projets/LudumDare45/LD45/Saved/Config/Windows/Engine.ini]
[2019.10.05-08.35.19:634][  0]LogConfig: Applying CVar settings from Section [/Script/UnrealEd.CookerSettings] File [C:/Github/Projets/LudumDare45/LD45/Saved/Config/Windows/Engine.ini]
[2019.10.05-08.35.19:726][  0]LogConfig: Applying CVar settings from Section [ViewDistanceQuality@3] File [C:/Github/Projets/LudumDare45/LD45/Saved/Config/Windows/Scalability.ini]
[2019.10.05-08.35.19:726][  0]LogConfig: Setting CVar [[r.SkeletalMeshLODBias:0]]
[2019.10.05-08.35.19:726][  0]LogConfig: Setting CVar [[r.ViewDistanceScale:1.0]]
[2019.10.05-08.35.19:726][  0]LogConfig: Applying CVar settings from Section [AntiAliasingQuality@3] File [C:/Github/Projets/LudumDare45/LD45/Saved/Config/Windows/Scalability.ini]
[2019.10.05-08.35.19:726][  0]LogConfig: Setting CVar [[r.PostProcessAAQuality:4]]
[2019.10.05-08.35.19:726][  0]LogConfig: Applying CVar settings from Section [ShadowQuality@3] File [C:/Github/Projets/LudumDare45/LD45/Saved/Config/Windows/Scalability.ini]
[2019.10.05-08.35.19:726][  0]LogConfig: Setting CVar [[r.LightFunctionQuality:1]]
[2019.10.05-08.35.19:726][  0]LogConfig: Setting CVar [[r.ShadowQuality:5]]
[2019.10.05-08.35.19:726][  0]LogConfig: Setting CVar [[r.Shadow.CSM.MaxCascades:10]]
[2019.10.05-08.35.19:726][  0]LogConfig: Setting CVar [[r.Shadow.MaxResolution:2048]]
[2019.10.05-08.35.19:726][  0]LogConfig: Setting CVar [[r.Shadow.MaxCSMResolution:2048]]
[2019.10.05-08.35.19:726][  0]LogConfig: Setting CVar [[r.Shadow.RadiusThreshold:0.01]]
[2019.10.05-08.35.19:726][  0]LogConfig: Setting CVar [[r.Shadow.DistanceScale:1.0]]
[2019.10.05-08.35.19:726][  0]LogConfig: Setting CVar [[r.Shadow.CSM.TransitionScale:1.0]]
[2019.10.05-08.35.19:726][  0]LogConfig: Setting CVar [[r.Shadow.PreShadowResolutionFactor:1.0]]
[2019.10.05-08.35.19:726][  0]LogConfig: Setting CVar [[r.DistanceFieldShadowing:1]]
[2019.10.05-08.35.19:726][  0]LogConfig: Setting CVar [[r.DistanceFieldAO:1]]
[2019.10.05-08.35.19:726][  0]LogConfig: Setting CVar [[r.AOQuality:2]]
[2019.10.05-08.35.19:726][  0]LogConfig: Setting CVar [[r.VolumetricFog:1]]
[2019.10.05-08.35.19:726][  0]LogConfig: Setting CVar [[r.VolumetricFog.GridPixelSize:8]]
[2019.10.05-08.35.19:726][  0]LogConfig: Setting CVar [[r.VolumetricFog.GridSizeZ:128]]
[2019.10.05-08.35.19:726][  0]LogConfig: Setting CVar [[r.VolumetricFog.HistoryMissSupersampleCount:4]]
[2019.10.05-08.35.19:726][  0]LogConfig: Setting CVar [[r.LightMaxDrawDistanceScale:1]]
[2019.10.05-08.35.19:726][  0]LogConfig: Setting CVar [[r.CapsuleShadows:1]]
[2019.10.05-08.35.19:727][  0]LogConfig: Applying CVar settings from Section [PostProcessQuality@3] File [C:/Github/Projets/LudumDare45/LD45/Saved/Config/Windows/Scalability.ini]
[2019.10.05-08.35.19:727][  0]LogConfig: Setting CVar [[r.MotionBlurQuality:4]]
[2019.10.05-08.35.19:727][  0]LogConfig: Setting CVar [[r.AmbientOcclusionMipLevelFactor:0.4]]
[2019.10.05-08.35.19:727][  0]LogConfig: Setting CVar [[r.AmbientOcclusionMaxQuality:100]]
[2019.10.05-08.35.19:727][  0]LogConfig: Setting CVar [[r.AmbientOcclusionLevels:-1]]
[2019.10.05-08.35.19:727][  0]LogConfig: Setting CVar [[r.AmbientOcclusionRadiusScale:1.0]]
[2019.10.05-08.35.19:727][  0]LogConfig: Setting CVar [[r.DepthOfFieldQuality:2]]
[2019.10.05-08.35.19:727][  0]LogConfig: Setting CVar [[r.RenderTargetPoolMin:400]]
[2019.10.05-08.35.19:727][  0]LogConfig: Setting CVar [[r.LensFlareQuality:2]]
[2019.10.05-08.35.19:727][  0]LogConfig: Setting CVar [[r.SceneColorFringeQuality:1]]
[2019.10.05-08.35.19:727][  0]LogConfig: Setting CVar [[r.EyeAdaptationQuality:2]]
[2019.10.05-08.35.19:727][  0]LogConfig: Setting CVar [[r.BloomQuality:5]]
[2019.10.05-08.35.19:727][  0]LogConfig: Setting CVar [[r.FastBlurThreshold:100]]
[2019.10.05-08.35.19:727][  0]LogConfig: Setting CVar [[r.Upscale.Quality:3]]
[2019.10.05-08.35.19:727][  0]LogConfig: Setting CVar [[r.Tonemapper.GrainQuantization:1]]
[2019.10.05-08.35.19:727][  0]LogConfig: Setting CVar [[r.LightShaftQuality:1]]
[2019.10.05-08.35.19:727][  0]LogConfig: Setting CVar [[r.Filter.SizeScale:1]]
[2019.10.05-08.35.19:727][  0]LogConfig: Setting CVar [[r.Tonemapper.Quality:5]]
[2019.10.05-08.35.19:727][  0]LogConfig: Setting CVar [[r.DOF.Gather.AccumulatorQuality:1        ; higher gathering accumulator quality]]
[2019.10.05-08.35.19:727][  0]LogConfig: Setting CVar [[r.DOF.Gather.PostfilterMethod:1          ; Median3x3 postfilering method]]
[2019.10.05-08.35.19:727][  0]LogConfig: Setting CVar [[r.DOF.Gather.EnableBokehSettings:0       ; no bokeh simulation when gathering]]
[2019.10.05-08.35.19:727][  0]LogConfig: Setting CVar [[r.DOF.Gather.RingCount:4                 ; medium number of samples when gathering]]
[2019.10.05-08.35.19:727][  0]LogConfig: Setting CVar [[r.DOF.Scatter.ForegroundCompositing:1    ; additive foreground scattering]]
[2019.10.05-08.35.19:727][  0]LogConfig: Setting CVar [[r.DOF.Scatter.BackgroundCompositing:2    ; additive background scattering]]
[2019.10.05-08.35.19:727][  0]LogConfig: Setting CVar [[r.DOF.Scatter.EnableBokehSettings:1      ; bokeh simulation when scattering]]
[2019.10.05-08.35.19:727][  0]LogConfig: Setting CVar [[r.DOF.Scatter.MaxSpriteRatio:0.1         ; only a maximum of 10% of scattered bokeh]]
[2019.10.05-08.35.19:727][  0]LogConfig: Setting CVar [[r.DOF.Recombine.Quality:1                ; cheap slight out of focus]]
[2019.10.05-08.35.19:727][  0]LogConfig: Setting CVar [[r.DOF.Recombine.EnableBokehSettings:0    ; no bokeh simulation on slight out of focus]]
[2019.10.05-08.35.19:727][  0]LogConfig: Setting CVar [[r.DOF.TemporalAAQuality:1                ; more stable temporal accumulation]]
[2019.10.05-08.35.19:727][  0]LogConfig: Setting CVar [[r.DOF.Kernel.MaxForegroundRadius:0.025]]
[2019.10.05-08.35.19:727][  0]LogConfig: Setting CVar [[r.DOF.Kernel.MaxBackgroundRadius:0.025]]
[2019.10.05-08.35.19:727][  0]LogConfig: Applying CVar settings from Section [TextureQuality@3] File [C:/Github/Projets/LudumDare45/LD45/Saved/Config/Windows/Scalability.ini]
[2019.10.05-08.35.19:727][  0]LogConfig: Setting CVar [[r.Streaming.MipBias:0]]
[2019.10.05-08.35.19:727][  0]LogConfig: Setting CVar [[r.Streaming.AmortizeCPUToGPUCopy:0]]
[2019.10.05-08.35.19:727][  0]LogConfig: Setting CVar [[r.Streaming.MaxNumTexturesToStreamPerFrame:0]]
[2019.10.05-08.35.19:727][  0]LogConfig: Setting CVar [[r.Streaming.Boost:1]]
[2019.10.05-08.35.19:727][  0]LogConfig: Setting CVar [[r.MaxAnisotropy:8]]
[2019.10.05-08.35.19:727][  0]LogConfig: Setting CVar [[r.Streaming.LimitPoolSizeToVRAM:0]]
[2019.10.05-08.35.19:727][  0]LogConfig: Setting CVar [[r.Streaming.PoolSize:1000]]
[2019.10.05-08.35.19:727][  0]LogConfig: Setting CVar [[r.Streaming.MaxEffectiveScreenSize:0]]
[2019.10.05-08.35.19:727][  0]LogConfig: Applying CVar settings from Section [EffectsQuality@3] File [C:/Github/Projets/LudumDare45/LD45/Saved/Config/Windows/Scalability.ini]
[2019.10.05-08.35.19:727][  0]LogConfig: Setting CVar [[r.TranslucencyLightingVolumeDim:64]]
[2019.10.05-08.35.19:727][  0]LogConfig: Setting CVar [[r.RefractionQuality:2]]
[2019.10.05-08.35.19:727][  0]LogConfig: Setting CVar [[r.SSR.Quality:3]]
[2019.10.05-08.35.19:727][  0]LogConfig: Setting CVar [[r.SceneColorFormat:4]]
[2019.10.05-08.35.19:727][  0]LogConfig: Setting CVar [[r.DetailMode:2]]
[2019.10.05-08.35.19:727][  0]LogConfig: Setting CVar [[r.TranslucencyVolumeBlur:1]]
[2019.10.05-08.35.19:727][  0]LogConfig: Setting CVar [[r.MaterialQualityLevel:1 ; High quality]]
[2019.10.05-08.35.19:727][  0]LogConfig: Setting CVar [[r.SSS.Scale:1]]
[2019.10.05-08.35.19:727][  0]LogConfig: Setting CVar [[r.SSS.SampleSet:2]]
[2019.10.05-08.35.19:727][  0]LogConfig: Setting CVar [[r.SSS.Quality:1]]
[2019.10.05-08.35.19:727][  0]LogConfig: Setting CVar [[r.SSS.HalfRes:1]]
[2019.10.05-08.35.19:727][  0]LogConfig: Setting CVar [[r.EmitterSpawnRateScale:1.0]]
[2019.10.05-08.35.19:727][  0]LogConfig: Setting CVar [[r.ParticleLightQuality:2]]
[2019.10.05-08.35.19:728][  0]LogConfig: Applying CVar settings from Section [FoliageQuality@3] File [C:/Github/Projets/LudumDare45/LD45/Saved/Config/Windows/Scalability.ini]
[2019.10.05-08.35.19:728][  0]LogConfig: Setting CVar [[foliage.DensityScale:1.0]]
[2019.10.05-08.35.19:728][  0]LogConfig: Setting CVar [[grass.DensityScale:1.0]]
[2019.10.05-08.35.19:734][  0]LogInit: Selected Device Profile: [Windows]
[2019.10.05-08.35.19:734][  0]LogInit: Applying CVar settings loaded from the selected device profile: [Windows]
[2019.10.05-08.35.19:827][  0]LogHAL: Display: Platform has ~ 6 GB [6333501440 / 8589934592 / 6], which maps to Smaller [LargestMinGB=32, LargerMinGB=12, DefaultMinGB=8, SmallerMinGB=6, SmallestMinGB=0)
[2019.10.05-08.35.19:830][  0]LogConfig: Setting CVar [[r.Vulkan.UseRealUBs:0		; Required until we fix HLR fall-out]]
[2019.10.05-08.35.19:830][  0]LogInit: Going up to parent DeviceProfile []
[2019.10.05-08.35.19:835][  0]LogConfig: Applying CVar settings from Section [ViewDistanceQuality@3] File [C:/Github/Projets/LudumDare45/LD45/Saved/Config/Windows/Scalability.ini]
[2019.10.05-08.35.19:835][  0]LogConfig: Setting CVar [[r.SkeletalMeshLODBias:0]]
[2019.10.05-08.35.19:835][  0]LogConfig: Setting CVar [[r.ViewDistanceScale:1.0]]
[2019.10.05-08.35.19:835][  0]LogConfig: Applying CVar settings from Section [AntiAliasingQuality@3] File [C:/Github/Projets/LudumDare45/LD45/Saved/Config/Windows/Scalability.ini]
[2019.10.05-08.35.19:835][  0]LogConfig: Setting CVar [[r.PostProcessAAQuality:4]]
[2019.10.05-08.35.19:835][  0]LogConfig: Applying CVar settings from Section [ShadowQuality@3] File [C:/Github/Projets/LudumDare45/LD45/Saved/Config/Windows/Scalability.ini]
[2019.10.05-08.35.19:836][  0]LogConfig: Setting CVar [[r.LightFunctionQuality:1]]
[2019.10.05-08.35.19:836][  0]LogConfig: Setting CVar [[r.ShadowQuality:5]]
[2019.10.05-08.35.19:836][  0]LogConfig: Setting CVar [[r.Shadow.CSM.MaxCascades:10]]
[2019.10.05-08.35.19:836][  0]LogConfig: Setting CVar [[r.Shadow.MaxResolution:2048]]
[2019.10.05-08.35.19:836][  0]LogConfig: Setting CVar [[r.Shadow.MaxCSMResolution:2048]]
[2019.10.05-08.35.19:836][  0]LogConfig: Setting CVar [[r.Shadow.RadiusThreshold:0.01]]
[2019.10.05-08.35.19:836][  0]LogConfig: Setting CVar [[r.Shadow.DistanceScale:1.0]]
[2019.10.05-08.35.19:836][  0]LogConfig: Setting CVar [[r.Shadow.CSM.TransitionScale:1.0]]
[2019.10.05-08.35.19:836][  0]LogConfig: Setting CVar [[r.Shadow.PreShadowResolutionFactor:1.0]]
[2019.10.05-08.35.19:836][  0]LogConfig: Setting CVar [[r.DistanceFieldShadowing:1]]
[2019.10.05-08.35.19:836][  0]LogConfig: Setting CVar [[r.DistanceFieldAO:1]]
[2019.10.05-08.35.19:836][  0]LogConfig: Setting CVar [[r.AOQuality:2]]
[2019.10.05-08.35.19:836][  0]LogConfig: Setting CVar [[r.VolumetricFog:1]]
[2019.10.05-08.35.19:836][  0]LogConfig: Setting CVar [[r.VolumetricFog.GridPixelSize:8]]
[2019.10.05-08.35.19:836][  0]LogConfig: Setting CVar [[r.VolumetricFog.GridSizeZ:128]]
[2019.10.05-08.35.19:836][  0]LogConfig: Setting CVar [[r.VolumetricFog.HistoryMissSupersampleCount:4]]
[2019.10.05-08.35.19:836][  0]LogConfig: Setting CVar [[r.LightMaxDrawDistanceScale:1]]
[2019.10.05-08.35.19:836][  0]LogConfig: Setting CVar [[r.CapsuleShadows:1]]
[2019.10.05-08.35.19:836][  0]LogConfig: Applying CVar settings from Section [PostProcessQuality@3] File [C:/Github/Projets/LudumDare45/LD45/Saved/Config/Windows/Scalability.ini]
[2019.10.05-08.35.19:836][  0]LogConfig: Setting CVar [[r.MotionBlurQuality:4]]
[2019.10.05-08.35.19:836][  0]LogConfig: Setting CVar [[r.AmbientOcclusionMipLevelFactor:0.4]]
[2019.10.05-08.35.19:836][  0]LogConfig: Setting CVar [[r.AmbientOcclusionMaxQuality:100]]
[2019.10.05-08.35.19:836][  0]LogConfig: Setting CVar [[r.AmbientOcclusionLevels:-1]]
[2019.10.05-08.35.19:836][  0]LogConfig: Setting CVar [[r.AmbientOcclusionRadiusScale:1.0]]
[2019.10.05-08.35.19:836][  0]LogConfig: Setting CVar [[r.DepthOfFieldQuality:2]]
[2019.10.05-08.35.19:836][  0]LogConfig: Setting CVar [[r.RenderTargetPoolMin:400]]
[2019.10.05-08.35.19:836][  0]LogConfig: Setting CVar [[r.LensFlareQuality:2]]
[2019.10.05-08.35.19:836][  0]LogConfig: Setting CVar [[r.SceneColorFringeQuality:1]]
[2019.10.05-08.35.19:836][  0]LogConfig: Setting CVar [[r.EyeAdaptationQuality:2]]
[2019.10.05-08.35.19:836][  0]LogConfig: Setting CVar [[r.BloomQuality:5]]
[2019.10.05-08.35.19:836][  0]LogConfig: Setting CVar [[r.FastBlurThreshold:100]]
[2019.10.05-08.35.19:836][  0]LogConfig: Setting CVar [[r.Upscale.Quality:3]]
[2019.10.05-08.35.19:836][  0]LogConfig: Setting CVar [[r.Tonemapper.GrainQuantization:1]]
[2019.10.05-08.35.19:836][  0]LogConfig: Setting CVar [[r.LightShaftQuality:1]]
[2019.10.05-08.35.19:836][  0]LogConfig: Setting CVar [[r.Filter.SizeScale:1]]
[2019.10.05-08.35.19:836][  0]LogConfig: Setting CVar [[r.Tonemapper.Quality:5]]
[2019.10.05-08.35.19:836][  0]LogConfig: Setting CVar [[r.DOF.Gather.AccumulatorQuality:1        ; higher gathering accumulator quality]]
[2019.10.05-08.35.19:836][  0]LogConfig: Setting CVar [[r.DOF.Gather.PostfilterMethod:1          ; Median3x3 postfilering method]]
[2019.10.05-08.35.19:836][  0]LogConfig: Setting CVar [[r.DOF.Gather.EnableBokehSettings:0       ; no bokeh simulation when gathering]]
[2019.10.05-08.35.19:836][  0]LogConfig: Setting CVar [[r.DOF.Gather.RingCount:4                 ; medium number of samples when gathering]]
[2019.10.05-08.35.19:836][  0]LogConfig: Setting CVar [[r.DOF.Scatter.ForegroundCompositing:1    ; additive foreground scattering]]
[2019.10.05-08.35.19:836][  0]LogConfig: Setting CVar [[r.DOF.Scatter.BackgroundCompositing:2    ; additive background scattering]]
[2019.10.05-08.35.19:836][  0]LogConfig: Setting CVar [[r.DOF.Scatter.EnableBokehSettings:1      ; bokeh simulation when scattering]]
[2019.10.05-08.35.19:836][  0]LogConfig: Setting CVar [[r.DOF.Scatter.MaxSpriteRatio:0.1         ; only a maximum of 10% of scattered bokeh]]
[2019.10.05-08.35.19:836][  0]LogConfig: Setting CVar [[r.DOF.Recombine.Quality:1                ; cheap slight out of focus]]
[2019.10.05-08.35.19:836][  0]LogConfig: Setting CVar [[r.DOF.Recombine.EnableBokehSettings:0    ; no bokeh simulation on slight out of focus]]
[2019.10.05-08.35.19:836][  0]LogConfig: Setting CVar [[r.DOF.TemporalAAQuality:1                ; more stable temporal accumulation]]
[2019.10.05-08.35.19:836][  0]LogConfig: Setting CVar [[r.DOF.Kernel.MaxForegroundRadius:0.025]]
[2019.10.05-08.35.19:836][  0]LogConfig: Setting CVar [[r.DOF.Kernel.MaxBackgroundRadius:0.025]]
[2019.10.05-08.35.19:836][  0]LogConfig: Applying CVar settings from Section [TextureQuality@3] File [C:/Github/Projets/LudumDare45/LD45/Saved/Config/Windows/Scalability.ini]
[2019.10.05-08.35.19:836][  0]LogConfig: Setting CVar [[r.Streaming.MipBias:0]]
[2019.10.05-08.35.19:836][  0]LogConfig: Setting CVar [[r.Streaming.AmortizeCPUToGPUCopy:0]]
[2019.10.05-08.35.19:836][  0]LogConfig: Setting CVar [[r.Streaming.MaxNumTexturesToStreamPerFrame:0]]
[2019.10.05-08.35.19:836][  0]LogConfig: Setting CVar [[r.Streaming.Boost:1]]
[2019.10.05-08.35.19:836][  0]LogConfig: Setting CVar [[r.MaxAnisotropy:8]]
[2019.10.05-08.35.19:837][  0]LogConfig: Setting CVar [[r.Streaming.LimitPoolSizeToVRAM:0]]
[2019.10.05-08.35.19:837][  0]LogConfig: Setting CVar [[r.Streaming.PoolSize:1000]]
[2019.10.05-08.35.19:837][  0]LogConfig: Setting CVar [[r.Streaming.MaxEffectiveScreenSize:0]]
[2019.10.05-08.35.19:837][  0]LogConfig: Applying CVar settings from Section [EffectsQuality@3] File [C:/Github/Projets/LudumDare45/LD45/Saved/Config/Windows/Scalability.ini]
[2019.10.05-08.35.19:837][  0]LogConfig: Setting CVar [[r.TranslucencyLightingVolumeDim:64]]
[2019.10.05-08.35.19:837][  0]LogConfig: Setting CVar [[r.RefractionQuality:2]]
[2019.10.05-08.35.19:837][  0]LogConfig: Setting CVar [[r.SSR.Quality:3]]
[2019.10.05-08.35.19:837][  0]LogConfig: Setting CVar [[r.SceneColorFormat:4]]
[2019.10.05-08.35.19:837][  0]LogConfig: Setting CVar [[r.DetailMode:2]]
[2019.10.05-08.35.19:837][  0]LogConfig: Setting CVar [[r.TranslucencyVolumeBlur:1]]
[2019.10.05-08.35.19:837][  0]LogConfig: Setting CVar [[r.MaterialQualityLevel:1 ; High quality]]
[2019.10.05-08.35.19:837][  0]LogConfig: Setting CVar [[r.SSS.Scale:1]]
[2019.10.05-08.35.19:837][  0]LogConfig: Setting CVar [[r.SSS.SampleSet:2]]
[2019.10.05-08.35.19:837][  0]LogConfig: Setting CVar [[r.SSS.Quality:1]]
[2019.10.05-08.35.19:837][  0]LogConfig: Setting CVar [[r.SSS.HalfRes:1]]
[2019.10.05-08.35.19:837][  0]LogConfig: Setting CVar [[r.EmitterSpawnRateScale:1.0]]
[2019.10.05-08.35.19:837][  0]LogConfig: Setting CVar [[r.ParticleLightQuality:2]]
[2019.10.05-08.35.19:837][  0]LogConfig: Applying CVar settings from Section [FoliageQuality@3] File [C:/Github/Projets/LudumDare45/LD45/Saved/Config/Windows/Scalability.ini]
[2019.10.05-08.35.19:837][  0]LogConfig: Setting CVar [[foliage.DensityScale:1.0]]
[2019.10.05-08.35.19:837][  0]LogConfig: Setting CVar [[grass.DensityScale:1.0]]
[2019.10.05-08.35.19:837][  0]LogConfig: Applying CVar settings from Section [Startup] File [../../../Engine/Config/ConsoleVariables.ini]
[2019.10.05-08.35.19:847][  0]LogConfig: Setting CVar [[net.UseAdaptiveNetUpdateFrequency:0]]
[2019.10.05-08.35.19:848][  0]LogConfig: Setting CVar [[p.chaos.AllowCreatePhysxBodies:1]]
[2019.10.05-08.35.19:848][  0]LogConfig: Applying CVar settings from Section [ConsoleVariables] File [C:/Github/Projets/LudumDare45/LD45/Saved/Config/Windows/Engine.ini]
[2019.10.05-08.35.19:857][  0]LogInit: Computer: REDEMPTION
[2019.10.05-08.35.19:857][  0]LogInit: User: Tamen
[2019.10.05-08.35.19:857][  0]LogInit: CPU Page size=4096, Cores=4
[2019.10.05-08.35.19:857][  0]LogInit: High frequency timer resolution =10.000000 MHz
[2019.10.05-08.35.19:858][  0]LogMemory: Memory total: Physical=5.9GB (6GB approx)
[2019.10.05-08.35.19:858][  0]LogMemory: Platform Memory Stats for Windows
[2019.10.05-08.35.19:858][  0]LogMemory: Process Physical Memory: 99.81 MB used, 99.81 MB peak
[2019.10.05-08.35.19:858][  0]LogMemory: Process Virtual Memory: 83.84 MB used, 83.84 MB peak
[2019.10.05-08.35.19:858][  0]LogMemory: Physical Memory: 5139.23 MB used,  900.86 MB free, 6040.10 MB total
[2019.10.05-08.35.19:858][  0]LogMemory: Virtual Memory: 4625.51 MB used,  134213104.00 MB free, 134217728.00 MB total
[2019.10.05-08.35.20:785][  0]LogInit: Using OS detected language (fr-FR).
[2019.10.05-08.35.20:785][  0]LogInit: Using OS detected locale (fr-FR).
[2019.10.05-08.35.20:786][  0]LogTextLocalizationManager: No specific localization for 'fr-FR' exists, so the 'fr' localization will be used.
[2019.10.05-08.35.20:787][  0]LogTextLocalizationResource: LocRes '../../../Engine/Content/Localization/Editor/fr/Editor.locres' could not be opened for reading!
[2019.10.05-08.35.20:787][  0]LogTextLocalizationResource: LocRes '../../../Engine/Content/Localization/EditorTutorials/fr/EditorTutorials.locres' could not be opened for reading!
[2019.10.05-08.35.20:787][  0]LogTextLocalizationResource: LocRes '../../../Engine/Content/Localization/Keywords/fr/Keywords.locres' could not be opened for reading!
[2019.10.05-08.35.20:788][  0]LogTextLocalizationResource: LocRes '../../../Engine/Content/Localization/Category/fr/Category.locres' could not be opened for reading!
[2019.10.05-08.35.20:788][  0]LogTextLocalizationResource: LocRes '../../../Engine/Content/Localization/ToolTips/fr/ToolTips.locres' could not be opened for reading!
[2019.10.05-08.35.20:788][  0]LogTextLocalizationResource: LocRes '../../../Engine/Content/Localization/PropertyNames/fr/PropertyNames.locres' could not be opened for reading!
[2019.10.05-08.35.20:788][  0]LogTextLocalizationResource: LocRes '../../../Engine/Content/Localization/Engine/fr/Engine.locres' could not be opened for reading!
[2019.10.05-08.35.20:846][  0]LogInit: Setting process to per monitor DPI aware
[2019.10.05-08.35.21:363][  0]LogSlate: New Slate User Created.  User Index 0, Is Virtual User: 0
[2019.10.05-08.35.21:363][  0]LogSlate: Slate User Registered.  User Index 0, Is Virtual User: 0
[2019.10.05-08.35.24:852][  0]LogHMD: Failed to initialize OpenVR with code 110
[2019.10.05-08.35.24:852][  0]LogD3D11RHI: D3D11 adapters:
[2019.10.05-08.35.25:418][  0]LogD3D11RHI:    0. 'NVIDIA GeForce GTX 950M' (Feature Level 11_0)
[2019.10.05-08.35.25:418][  0]LogD3D11RHI:       2010/0/3020 MB DedicatedVideo/DedicatedSystem/SharedSystem, Outputs:1, VendorId:0x10de
[2019.10.05-08.35.25:599][  0]LogD3D11RHI:    1. 'Intel(R) HD Graphics 530' (Feature Level 11_0)
[2019.10.05-08.35.25:599][  0]LogD3D11RHI:       128/0/3020 MB DedicatedVideo/DedicatedSystem/SharedSystem, Outputs:0, VendorId:0x8086
[2019.10.05-08.35.25:642][  0]LogD3D11RHI:    2. 'Microsoft Basic Render Driver' (Feature Level 11_0)
[2019.10.05-08.35.25:642][  0]LogD3D11RHI:       0/0/3020 MB DedicatedVideo/DedicatedSystem/SharedSystem, Outputs:0, VendorId:0x1414
[2019.10.05-08.35.25:642][  0]LogD3D11RHI: Chosen D3D11 Adapter: 0
[2019.10.05-08.35.25:713][  0]LogD3D11RHI: Creating new Direct3DDevice
[2019.10.05-08.35.25:714][  0]LogD3D11RHI:     GPU DeviceId: 0x139a (for the marketing name, search the web for "GPU Device Id")
[2019.10.05-08.35.25:714][  0]LogWindows: EnumDisplayDevices:
[2019.10.05-08.35.25:714][  0]LogWindows:    0. 'Intel(R) HD Graphics 530' (P:1 D:1)
[2019.10.05-08.35.25:714][  0]LogWindows:    1. 'Intel(R) HD Graphics 530' (P:0 D:0)
[2019.10.05-08.35.25:715][  0]LogWindows:    2. 'Intel(R) HD Graphics 530' (P:0 D:0)
[2019.10.05-08.35.25:715][  0]LogWindows: DebugString: PrimaryIsNotTheChoosenAdapter PrimaryIsNotTheChoosenAdapter PrimaryIsNotTheChoosenAdapter FoundDriverCount:0 
[2019.10.05-08.35.25:715][  0]LogD3D11RHI:     Adapter Name: NVIDIA GeForce GTX 950M
[2019.10.05-08.35.25:715][  0]LogD3D11RHI:   Driver Version: Unknown (internal:Unknown, unified:Unknown)
[2019.10.05-08.35.25:715][  0]LogD3D11RHI:      Driver Date: Unknown
[2019.10.05-08.35.25:715][  0]LogRHI: Texture pool is 1407 MB (70% of 2010 MB)
[2019.10.05-08.35.25:899][  0]LogD3D11RHI: Async texture creation enabled
[2019.10.05-08.35.26:176][  0]LogRendererCore: FGlobalReadBuffer::InitRHI
[2019.10.05-08.35.26:192][  0]LogRendererCore: FGlobalReadBuffer::InitRHI
[2019.10.05-08.35.26:192][  0]LogRendererCore: FGlobalReadBuffer::InitRHI
[2019.10.05-08.35.26:255][  0]LogD3D11RHI: GPU Timing Frequency: 1000.000000 (Debug: 2 6)
[2019.10.05-08.35.28:180][  0]LogTemp: Display: Module 'AllDesktopTargetPlatform' loaded TargetPlatform 'AllDesktop'
[2019.10.05-08.35.28:213][  0]LogTemp: Display: Module 'MacClientTargetPlatform' loaded TargetPlatform 'MacClient'
[2019.10.05-08.35.28:327][  0]LogTemp: Display: Module 'MacNoEditorTargetPlatform' loaded TargetPlatform 'MacNoEditor'
[2019.10.05-08.35.28:353][  0]LogTemp: Display: Module 'MacServerTargetPlatform' loaded TargetPlatform 'MacServer'
[2019.10.05-08.35.28:389][  0]LogTemp: Display: Module 'MacTargetPlatform' loaded TargetPlatform 'Mac'
[2019.10.05-08.35.28:428][  0]LogTemp: Display: Module 'WindowsClientTargetPlatform' loaded TargetPlatform 'WindowsClient'
[2019.10.05-08.35.28:460][  0]LogTemp: Display: Module 'WindowsNoEditorTargetPlatform' loaded TargetPlatform 'WindowsNoEditor'
[2019.10.05-08.35.28:494][  0]LogTemp: Display: Module 'WindowsServerTargetPlatform' loaded TargetPlatform 'WindowsServer'
[2019.10.05-08.35.28:569][  0]LogTemp: Display: Module 'WindowsTargetPlatform' loaded TargetPlatform 'Windows'
[2019.10.05-08.35.28:720][  0]LogTemp: Display: Module 'AndroidTargetPlatform' loaded TargetPlatform 'Android'
[2019.10.05-08.35.28:720][  0]LogTemp: Display: Module 'AndroidTargetPlatform' loaded TargetPlatform 'Android_ASTC'
[2019.10.05-08.35.28:720][  0]LogTemp: Display: Module 'AndroidTargetPlatform' loaded TargetPlatform 'Android_ATC'
[2019.10.05-08.35.28:720][  0]LogTemp: Display: Module 'AndroidTargetPlatform' loaded TargetPlatform 'Android_DXT'
[2019.10.05-08.35.28:720][  0]LogTemp: Display: Module 'AndroidTargetPlatform' loaded TargetPlatform 'Android_ETC1'
[2019.10.05-08.35.28:720][  0]LogTemp: Display: Module 'AndroidTargetPlatform' loaded TargetPlatform 'Android_ETC1a'
[2019.10.05-08.35.28:720][  0]LogTemp: Display: Module 'AndroidTargetPlatform' loaded TargetPlatform 'Android_ETC2'
[2019.10.05-08.35.28:720][  0]LogTemp: Display: Module 'AndroidTargetPlatform' loaded TargetPlatform 'Android_PVRTC'
[2019.10.05-08.35.28:720][  0]LogTemp: Display: Module 'AndroidTargetPlatform' loaded TargetPlatform 'AndroidClient'
[2019.10.05-08.35.28:720][  0]LogTemp: Display: Module 'AndroidTargetPlatform' loaded TargetPlatform 'Android_ASTCClient'
[2019.10.05-08.35.28:720][  0]LogTemp: Display: Module 'AndroidTargetPlatform' loaded TargetPlatform 'Android_ATCClient'
[2019.10.05-08.35.28:720][  0]LogTemp: Display: Module 'AndroidTargetPlatform' loaded TargetPlatform 'Android_DXTClient'
[2019.10.05-08.35.28:720][  0]LogTemp: Display: Module 'AndroidTargetPlatform' loaded TargetPlatform 'Android_ETC1Client'
[2019.10.05-08.35.28:720][  0]LogTemp: Display: Module 'AndroidTargetPlatform' loaded TargetPlatform 'Android_ETC1aClient'
[2019.10.05-08.35.28:720][  0]LogTemp: Display: Module 'AndroidTargetPlatform' loaded TargetPlatform 'Android_ETC2Client'
[2019.10.05-08.35.28:720][  0]LogTemp: Display: Module 'AndroidTargetPlatform' loaded TargetPlatform 'Android_PVRTCClient'
[2019.10.05-08.35.28:720][  0]LogTemp: Display: Module 'AndroidTargetPlatform' loaded TargetPlatform 'Android_Multi'
[2019.10.05-08.35.28:720][  0]LogTemp: Display: Module 'AndroidTargetPlatform' loaded TargetPlatform 'Android_MultiClient'
[2019.10.05-08.35.28:733][  0]LogTemp: Display: Module 'HTML5TargetPlatform' loaded TargetPlatform 'HTML5'
[2019.10.05-08.35.28:883][  0]LogTemp: Display: Module 'IOSTargetPlatform' loaded TargetPlatform 'IOSClient'
[2019.10.05-08.35.28:883][  0]LogTemp: Display: Module 'IOSTargetPlatform' loaded TargetPlatform 'IOS'
[2019.10.05-08.35.28:927][  0]LogTemp: Display: Module 'TVOSTargetPlatform' loaded TargetPlatform 'TVOSClient'
[2019.10.05-08.35.28:927][  0]LogTemp: Display: Module 'TVOSTargetPlatform' loaded TargetPlatform 'TVOS'
[2019.10.05-08.35.28:967][  0]LogTemp: Display: Module 'LinuxClientTargetPlatform' loaded TargetPlatform 'LinuxClient'
[2019.10.05-08.35.29:006][  0]LogTemp: Display: Module 'LinuxNoEditorTargetPlatform' loaded TargetPlatform 'LinuxNoEditor'
[2019.10.05-08.35.29:081][  0]LogTemp: Display: Module 'LinuxServerTargetPlatform' loaded TargetPlatform 'LinuxServer'
[2019.10.05-08.35.29:142][  0]LogTemp: Display: Module 'LinuxTargetPlatform' loaded TargetPlatform 'Linux'
[2019.10.05-08.35.29:205][  0]LogTemp: Display: Module 'LuminTargetPlatform' loaded TargetPlatform 'Lumin'
[2019.10.05-08.35.29:205][  0]LogTemp: Display: Module 'LuminTargetPlatform' loaded TargetPlatform 'LuminClient'
[2019.10.05-08.35.29:205][  0]LogTargetPlatformManager: Display: Building Assets For Windows
[2019.10.05-08.35.29:329][  0]LogAudioDebug: Display: Lib vorbis DLL was dynamically loaded.
[2019.10.05-08.35.29:903][  0]LogShaderCompilers: Guid format shader working directory is -4 characters bigger than the processId version (../../../../../../Github/Projets/LudumDare45/LD45/Intermediate/Shaders/WorkingDirectory/11072/).
[2019.10.05-08.35.29:903][  0]LogShaderCompilers: Cleaned the shader compiler working directory 'C:/Users/Tamen/AppData/Local/Temp/UnrealShaderWorkingDir/28096805470E3A76CEFD16986F7B1BE4/'.
[2019.10.05-08.35.29:939][  0]LogXGEController: Cleaning working directory: C:/Users/Tamen/AppData/Local/Temp/UnrealXGEWorkingDir/
[2019.10.05-08.35.29:939][  0]LogXGEController: Cannot use XGE Controller as Incredibuild is not installed on this machine.
[2019.10.05-08.35.29:939][  0]LogShaderCompilers: Cannot use XGE Shader Compiler as Incredibuild is not installed on this machine.
[2019.10.05-08.35.29:940][  0]LogShaderCompilers: Display: Using Local Shader Compiler.
[2019.10.05-08.35.35:228][  0]LogDerivedDataCache: Display: Max Cache Size: 512 MB
[2019.10.05-08.35.36:119][  0]LogDerivedDataCache: Loaded boot cache 0.89s 71MB C:/Users/Tamen/AppData/Local/UnrealEngine/4.22/DerivedDataCache/Boot.ddc.
[2019.10.05-08.35.36:119][  0]LogDerivedDataCache: Display: Loaded Boot cache: C:/Users/Tamen/AppData/Local/UnrealEngine/4.22/DerivedDataCache/Boot.ddc
[2019.10.05-08.35.36:119][  0]LogDerivedDataCache: FDerivedDataBackendGraph:  Pak pak cache file ../../../../../../Github/Projets/LudumDare45/LD45/DerivedDataCache/DDC.ddp not found, will not use a pak cache.
[2019.10.05-08.35.36:119][  0]LogDerivedDataCache: Unable to find inner node Pak for hierarchical cache Hierarchy.
[2019.10.05-08.35.36:119][  0]LogDerivedDataCache: FDerivedDataBackendGraph:  CompressedPak pak cache file ../../../../../../Github/Projets/LudumDare45/LD45/DerivedDataCache/Compressed.ddp not found, will not use a pak cache.
[2019.10.05-08.35.36:119][  0]LogDerivedDataCache: Unable to find inner node CompressedPak for hierarchical cache Hierarchy.
[2019.10.05-08.35.36:209][  0]LogDerivedDataCache: Display: Pak cache opened for reading ../../../Engine/DerivedDataCache/Compressed.ddp.
[2019.10.05-08.35.36:210][  0]LogDerivedDataCache: FDerivedDataBackendGraph:  EnterprisePak pak cache file ../../../Enterprise/DerivedDataCache/Compressed.ddp not found, will not use a pak cache.
[2019.10.05-08.35.36:210][  0]LogDerivedDataCache: Unable to find inner node EnterprisePak for hierarchical cache Hierarchy.
[2019.10.05-08.35.36:236][  0]LogDerivedDataCache: Using Local data cache path C:/Users/Tamen/AppData/Local/UnrealEngine/Common/DerivedDataCache: Writable
[2019.10.05-08.35.36:236][  0]LogDerivedDataCache: Shared data cache path not found in *engine.ini, will not use an Shared cache.
[2019.10.05-08.35.36:236][  0]LogDerivedDataCache: Unable to find inner node Shared for hierarchical cache Hierarchy.
[2019.10.05-08.35.36:320][  0]LogMaterial: Verifying Global Shaders for PCD3D_SM5
[2019.10.05-08.35.36:396][  0]LogSlate: Using FreeType 2.6.0
[2019.10.05-08.35.36:626][  0]LogSlate: SlateFontServices - WITH_FREETYPE: 1, WITH_HARFBUZZ: 1
[2019.10.05-08.35.39:312][  0]LogAssetRegistry: FAssetRegistry took 0.0391 seconds to start up
[2019.10.05-08.35.47:536][  0]LogInit: Selected Device Profile: [Windows]
[2019.10.05-08.35.51:269][  0]LogMeshReduction: Using QuadricMeshReduction for automatic static mesh reduction
[2019.10.05-08.35.51:269][  0]LogMeshReduction: Using SimplygonMeshReduction for automatic skeletal mesh reduction
[2019.10.05-08.35.51:269][  0]LogMeshReduction: Using ProxyLODMeshReduction for automatic mesh merging
[2019.10.05-08.35.51:269][  0]LogMeshReduction: No distributed automatic mesh merging module available
[2019.10.05-08.35.51:286][  0]LogMeshMerging: No distributed automatic mesh merging module available
[2019.10.05-08.35.52:189][  0]LogNetVersion: LD45 1.0.0, NetCL: 5660361, EngineNetVer: 10, GameNetVer: 0 (Checksum: 2886612009)
[2019.10.05-08.36.01:324][  0]LogPackageLocalizationCache: Processed 10 localized package path(s) for 1 prioritized culture(s) in 0.084841 seconds
[2019.10.05-08.36.01:346][  0]LogUObjectArray: 42205 objects as part of root set at end of initial load.
[2019.10.05-08.36.01:346][  0]LogUObjectAllocator: 7325032 out of 0 bytes used by permanent object pool.
[2019.10.05-08.36.01:346][  0]LogUObjectArray: CloseDisregardForGC: 0/0 objects in disregard for GC pool
[2019.10.05-08.36.48:587][  0]LogTcpMessaging: Initializing TcpMessaging bridge
[2019.10.05-08.36.48:633][  0]LogUdpMessaging: Initializing bridge on interface 0.0.0.0:0 to multicast group 230.0.0.1:6666.
[2019.10.05-08.36.50:159][  0]SourceControl: Source control is disabled
[2019.10.05-08.36.50:194][  0]SourceControl: Source control is disabled
[2019.10.05-08.36.50:462][  0]SourceControl: Source control is disabled
[2019.10.05-08.36.50:516][  0]SourceControl: Source control is disabled
[2019.10.05-08.36.53:767][  0]LogAndroidPermission: UAndroidPermissionCallbackProxy::GetInstance
[2019.10.05-08.36.55:318][  0]LogOcInput: OculusInput pre-init called
[2019.10.05-08.37.06:956][  0]LogEngine: Initializing Engine...
[2019.10.05-08.37.07:142][  0]LogHMD: Failed to initialize OpenVR with code 110
[2019.10.05-08.37.07:168][  0]LogStats: UGameplayTagsManager::InitializeManager -  0.009 s
[2019.10.05-08.37.07:641][  0]LogInit: Initializing FReadOnlyCVARCache
[2019.10.05-08.37.08:843][  0]LogAIModule: Creating AISystem for world Untitled
[2019.10.05-08.37.09:232][  0]LogInit: XAudio2 using 'Speakers (Realtek High Definition Audio)' : 2 channels at 48 kHz using 32 bits per sample (channel mask 0x3)
[2019.10.05-08.37.09:454][  0]LogInit: FAudioDevice initialized.
[2019.10.05-08.37.09:470][  0]LogNetVersion: Set ProjectVersion to 1.0.0.0. Version Checksum will be recalculated on next use.
[2019.10.05-08.37.09:704][  0]LogDerivedDataCache: Saved boot cache 0.23s 71MB C:/Users/Tamen/AppData/Local/UnrealEngine/4.22/DerivedDataCache/Boot.ddc.
[2019.10.05-08.37.09:710][  0]LogInit: Texture streaming: Enabled
[2019.10.05-08.37.10:304][  0]LogEngineSessionManager: EngineSessionManager initialized
[2019.10.05-08.37.11:936][  0]LogInit: Transaction tracking system initialized
[2019.10.05-08.37.12:542][  0]BlueprintLog: New page: Editor Load
[2019.10.05-08.37.14:472][  0]LocalizationService: Localization service is disabled
[2019.10.05-08.37.17:762][  0]LogFileCache: Scanning file cache for directory 'C:/Github/Projets/LudumDare45/LD45/Content/' took 0.04s
[2019.10.05-08.37.17:762][  0]LogCook: Display: Max memory allowance for cook 16384mb min free memory 0mb
[2019.10.05-08.37.17:763][  0]LogCook: Display: Mobile HDR setting 1
[2019.10.05-08.37.22:636][  0]SourceControl: Source control is disabled
[2019.10.05-08.37.22:745][  0]Cmd: MAP LOAD FILE="../../../../../../Github/Projets/LudumDare45/LD45/Content/StarterContent/Maps/Minimal_Default.umap" TEMPLATE=0 SHOWPROGRESS=1 FEATURELEVEL=3
[2019.10.05-08.37.22:788][  0]LightingResults: New page: Lighting Build
[2019.10.05-08.37.23:107][  0]MapCheck: New page: Map Check
[2019.10.05-08.37.23:107][  0]LightingResults: New page: Lighting Build
[2019.10.05-08.37.24:000][  0]LogUObjectHash: Compacting FUObjectHashTables data took  14.47ms
[2019.10.05-08.37.25:040][  0]LogLinker: Warning: Can't find file '/Game/StarterContent/Maps/Minimal_Default_BuiltData'
[2019.10.05-08.37.25:040][  0]LogLinker: Warning: Can't find file for asset '/Game/StarterContent/Maps/Minimal_Default_BuiltData' while loading NULL.
[2019.10.05-08.37.25:351][  0]LogLinker: Warning: Can't find file '/Game/StarterContent/Maps/Minimal_Default_BuiltData'
[2019.10.05-08.37.25:351][  0]LogLinker: Warning: Can't find file for asset '/Game/StarterContent/Maps/Minimal_Default_BuiltData' while loading NULL.
[2019.10.05-08.37.25:455][  0]LogLinker: Warning: Can't find file '/Game/StarterContent/Maps/Minimal_Default_BuiltData'
[2019.10.05-08.37.25:455][  0]LogLinker: Warning: Can't find file for asset '/Game/StarterContent/Maps/Minimal_Default_BuiltData' while loading NULL.
[2019.10.05-08.37.25:455][  0]LogLinker: Warning: Can't find file '/Game/StarterContent/Maps/Minimal_Default_BuiltData'
[2019.10.05-08.37.25:455][  0]LogLinker: Warning: Can't find file for asset '/Game/StarterContent/Maps/Minimal_Default_BuiltData' while loading NULL.
[2019.10.05-08.37.25:623][  0]LogLinker: Warning: Can't find file '/Game/StarterContent/Maps/Minimal_Default_BuiltData'
[2019.10.05-08.37.25:623][  0]LoadErrors: Failed to load /Game/StarterContent/Maps/Minimal_Default_BuiltData.Minimal_Default_BuiltData Referenced by PersistentLevel
[2019.10.05-08.37.25:623][  0]LogLinker: Warning: Can't find file for asset '/Game/StarterContent/Maps/Minimal_Default_BuiltData' while loading NULL.
[2019.10.05-08.37.26:467][  0]LogStaticMesh: Building static mesh Floor_400x400...
[2019.10.05-08.37.26:538][  0]LogStaticMesh: Built static mesh [0.10s] /Game/StarterContent/Architecture/Floor_400x400.Floor_400x400
[2019.10.05-08.37.27:153][  0]LogAIModule: Creating AISystem for world Minimal_Default
[2019.10.05-08.37.28:566][  0]LogEditorServer: Finished looking for orphan Actors (0.000 secs)
[2019.10.05-08.37.28:861][  0]LogUObjectHash: Compacting FUObjectHashTables data took   2.16ms
[2019.10.05-08.37.28:908][  0]Cmd: MAP CHECKDEP NOCLEARLOG
[2019.10.05-08.37.28:914][  0]MapCheck: Map check complete: 0 Error(s), 0 Warning(s), took 0,372ms to complete.
[2019.10.05-08.37.28:914][  0]LogFileHelpers: Loading map 'Minimal_Default' took 6.248
[2019.10.05-08.37.31:371][  0]LogSlate: Updating window title bar state: overlay mode, drag disabled, window buttons hidden, title bar hidden
[2019.10.05-08.37.31:404][  0]LogSlate: Updating window title bar state: overlay mode, drag disabled, window buttons hidden, title bar hidden
[2019.10.05-08.37.31:413][  0]LogSlate: Updating window title bar state: overlay mode, drag disabled, window buttons hidden, title bar hidden
[2019.10.05-08.37.31:421][  0]LogSlate: Updating window title bar state: overlay mode, drag disabled, window buttons hidden, title bar hidden
[2019.10.05-08.37.31:642][  0]LogCollectionManager: Loaded 0 collections in 0.001203 seconds
[2019.10.05-08.37.31:895][  0]LogFileCache: Scanning file cache for directory 'C:/Github/Projets/LudumDare45/LD45/Saved/Collections/' took 0.01s
[2019.10.05-08.37.31:895][  0]LogFileCache: Scanning file cache for directory 'C:/Github/Projets/LudumDare45/LD45/Content/Developers/Tamen/Collections/' took 0.01s
[2019.10.05-08.37.31:895][  0]LogFileCache: Scanning file cache for directory 'C:/Github/Projets/LudumDare45/LD45/Content/Collections/' took 0.01s
[2019.10.05-08.37.31:895][  0]LogCollectionManager: Rebuilt the GUID cache for 0 collections in 0.000000 seconds
[2019.10.05-08.37.31:918][  0]LogContentBrowser: Native class hierarchy populated in 0.0214 seconds. Added 2732 classes and 659 folders.
[2019.10.05-08.37.32:135][  0]LogContentBrowser: Native class hierarchy updated for 'WidgetCarousel' in 0.0004 seconds. Added 0 classes and 0 folders.
[2019.10.05-08.37.32:277][  0]LogPakFile: Registered encryption key '00000000000000000000000000000000': 0 pak files mounted, 0 remain pending
[2019.10.05-08.37.32:332][  0]LogPakFile: Registered encryption key '00000000000000000000000000000000': 0 pak files mounted, 0 remain pending
[2019.10.05-08.37.32:380][  0]LogPakFile: Registered encryption key '00000000000000000000000000000000': 0 pak files mounted, 0 remain pending
[2019.10.05-08.37.32:424][  0]LogPakFile: Registered encryption key '00000000000000000000000000000000': 0 pak files mounted, 0 remain pending
[2019.10.05-08.37.32:445][  0]LogPakFile: Registered encryption key '00000000000000000000000000000000': 0 pak files mounted, 0 remain pending
[2019.10.05-08.37.32:574][  0]LogPakFile: Registered encryption key '00000000000000000000000000000000': 0 pak files mounted, 0 remain pending
[2019.10.05-08.37.32:599][  0]LogPakFile: Registered encryption key '00000000000000000000000000000000': 0 pak files mounted, 0 remain pending
[2019.10.05-08.37.32:650][  0]LogPakFile: Registered encryption key '00000000000000000000000000000000': 0 pak files mounted, 0 remain pending
[2019.10.05-08.37.32:681][  0]LogPakFile: Registered encryption key '00000000000000000000000000000000': 0 pak files mounted, 0 remain pending
[2019.10.05-08.37.32:737][  0]LogPakFile: Registered encryption key '00000000000000000000000000000000': 0 pak files mounted, 0 remain pending
[2019.10.05-08.37.32:799][  0]LogPakFile: Registered encryption key '00000000000000000000000000000000': 0 pak files mounted, 0 remain pending
[2019.10.05-08.37.32:834][  0]LogPakFile: Registered encryption key '00000000000000000000000000000000': 0 pak files mounted, 0 remain pending
[2019.10.05-08.37.32:843][  0]LogPakFile: Registered encryption key '00000000000000000000000000000000': 0 pak files mounted, 0 remain pending
[2019.10.05-08.37.32:937][  0]LogPakFile: Registered encryption key '00000000000000000000000000000000': 0 pak files mounted, 0 remain pending
[2019.10.05-08.37.32:965][  0]LogPakFile: Registered encryption key '00000000000000000000000000000000': 0 pak files mounted, 0 remain pending
[2019.10.05-08.37.33:021][  0]LogPakFile: Registered encryption key '00000000000000000000000000000000': 0 pak files mounted, 0 remain pending
[2019.10.05-08.37.33:116][  0]LogPakFile: Registered encryption key '00000000000000000000000000000000': 0 pak files mounted, 0 remain pending
[2019.10.05-08.37.33:162][  0]LogPakFile: Registered encryption key '00000000000000000000000000000000': 0 pak files mounted, 0 remain pending
[2019.10.05-08.37.33:207][  0]LogPakFile: Registered encryption key '00000000000000000000000000000000': 0 pak files mounted, 0 remain pending
[2019.10.05-08.37.33:266][  0]LogPakFile: Registered encryption key '00000000000000000000000000000000': 0 pak files mounted, 0 remain pending
[2019.10.05-08.37.33:340][  0]LogPakFile: Registered encryption key '00000000000000000000000000000000': 0 pak files mounted, 0 remain pending
[2019.10.05-08.37.33:375][  0]LogPakFile: Registered encryption key '00000000000000000000000000000000': 0 pak files mounted, 0 remain pending
[2019.10.05-08.37.33:428][  0]LogPakFile: Registered encryption key '00000000000000000000000000000000': 0 pak files mounted, 0 remain pending
[2019.10.05-08.37.33:452][  0]LogPakFile: Registered encryption key '00000000000000000000000000000000': 0 pak files mounted, 0 remain pending
[2019.10.05-08.37.33:495][  0]LogPakFile: Registered encryption key '00000000000000000000000000000000': 0 pak files mounted, 0 remain pending
[2019.10.05-08.37.33:567][  0]LogPakFile: Registered encryption key '00000000000000000000000000000000': 0 pak files mounted, 0 remain pending
[2019.10.05-08.37.35:067][  0]LogContentBrowser: Native class hierarchy updated for 'AddContentDialog' in 0.0004 seconds. Added 0 classes and 0 folders.
[2019.10.05-08.37.35:300][  0]LogContentBrowser: Native class hierarchy updated for 'SceneOutliner' in 0.0003 seconds. Added 1 classes and 2 folders.
[2019.10.05-08.37.35:762][  0]LogContentBrowser: Native class hierarchy updated for 'WorldBrowser' in 0.0005 seconds. Added 2 classes and 3 folders.
[2019.10.05-08.37.40:197][  0]LogSlate: Took 0.012858 seconds to synchronously load lazily loaded font '../../../Engine/Content/Slate/Fonts/Roboto-Regular.ttf' (155K)
[2019.10.05-08.37.40:321][  0]LogSlate: Took 0.008785 seconds to synchronously load lazily loaded font '../../../Engine/Content/Slate/Fonts/Roboto-Bold.ttf' (160K)
[2019.10.05-08.37.40:675][  0]LogSlate: Took 0.066584 seconds to synchronously load lazily loaded font '../../../Engine/Content/Editor/Slate/Fonts/FontAwesome.ttf' (139K)
[2019.10.05-08.37.42:386][  0]LogRenderer: Reallocating scene render targets to support 836x380 Format 10 NumSamples 1 (Frame:1).
[2019.10.05-08.37.46:153][  0]LogContentBrowser: Native class hierarchy updated for 'HierarchicalLODOutliner' in 0.0003 seconds. Added 0 classes and 0 folders.
[2019.10.05-08.37.46:153][  0]LogLoad: (Engine Initialization) Total time: 175.27 seconds
[2019.10.05-08.37.46:153][  0]LogLoad: (Engine Initialization) Total Blueprint compile time: 0.00 seconds
[2019.10.05-08.37.47:390][  0]LogContentStreaming: Texture pool size now 1000 MB
[2019.10.05-08.37.47:570][  0]LogSlate: FSceneViewport::OnFocusLost() reason 2
[2019.10.05-08.37.48:078][  0]LogSlate: Took 0.038879 seconds to synchronously load lazily loaded font '../../../Engine/Content/Slate/Fonts/Roboto-Light.ttf' (167K)
[2019.10.05-08.37.48:859][  3]LogAssetRegistry: Asset discovery search completed in 129.5698 seconds
[2019.10.05-08.37.48:885][  3]LogCollectionManager: Rebuilt the object cache for 0 collections in 0.000000 seconds (found 0 objects)
[2019.10.05-08.37.48:885][  3]LogCollectionManager: Fixed up redirectors for 0 collections in 0.000594 seconds (updated 0 objects)
[2019.10.05-09.02.41:841][585]LogSlate: Window 'Message Log' being destroyed
[2019.10.05-09.02.41:922][585]LogSlate: Window 'Message Log' being destroyed
[2019.10.05-09.26.30:021][611]LogSlate: FSceneViewport::OnFocusLost() reason 2
[2019.10.05-09.26.41:163][254]LogEditorViewport: Clicking on Actor (LMB): StaticMeshActor (Floor)
[2019.10.05-09.26.43:141][254]LogEditorViewport: Clicking on Actor (context menu): StaticMeshActor (Floor)
[2019.10.05-09.26.43:819][254]LogSlate: FSceneViewport::OnFocusLost() reason 2
[2019.10.05-09.26.50:158][603]LogSlate: FSceneViewport::OnFocusLost() reason 2
[2019.10.05-09.29.03:042][758]LogSlate: Window 'Source Control Login' being destroyed
[2019.10.05-09.29.05:513][905]LogEditorViewport: Clicking on Actor (LMB): StaticMeshActor (Floor)
[2019.10.05-09.29.17:700][621]LogEditorViewport: Clicking on Actor (LMB): StaticMeshActor (Floor)
[2019.10.05-09.31.16:031][701]LogSlate: FSceneViewport::OnFocusLost() reason 0
[2019.10.05-09.31.16:589][725]EditorErrors: New page: Actor attachment
[2019.10.05-09.31.18:417][759]EditorErrors: New page: Actor attachment
[2019.10.05-09.31.35:132][748]LogSlate: Took 0.068922 seconds to synchronously load lazily loaded font '../../../Engine/Content/Slate/Fonts/Roboto-Light.ttf' (167K)
[2019.10.05-09.31.44:991][279]LogUObjectHash: Compacting FUObjectHashTables data took  79.90ms
[2019.10.05-09.31.48:044][279]LogSavePackage: Moving '../../../../../../Github/Projets/LudumDare45/LD45/Saved/Minimal_Default_Auto103643ECC4D10687309BC0D8C579E8E53.tmp' to '../../../../../../Github/Projets/LudumDare45/LD45/Saved/Autosaves/Game/StarterContent/Maps/Minimal_Default_Auto1.umap'
[2019.10.05-09.31.48:332][279]LogFileHelpers: Editor autosave (incl. sublevels) for '/Game/StarterContent/Maps/Minimal_Default' took 3.734
[2019.10.05-09.31.48:332][279]LogFileHelpers: Editor autosave (incl. sublevels) for all levels took 3.734
[2019.10.05-09.38.18:755][600]LogSlate: FSceneViewport::OnFocusLost() reason 0
[2019.10.05-09.41.57:064][307]LogSlate: Only BGRA pngs, bmps or icos are supported in by External Image Picker
[2019.10.05-09.47.11:411][878]LogSlate: Window 'Project Settings' being destroyed
[2019.10.05-09.47.11:416][878]LogSlate: Window 'Project Settings' being destroyed
[2019.10.05-09.47.12:542][923]LogUObjectHash: Compacting FUObjectHashTables data took   3.64ms
[2019.10.05-09.47.12:673][923]LogSavePackage: Moving '../../../../../../Github/Projets/LudumDare45/LD45/Saved/Minimal_Default124D70C642E9D9ECE1459686F1470B5F.tmp' to '../../../../../../Github/Projets/LudumDare45/LD45/Content/StarterContent/Maps/Minimal_Default.umap'
[2019.10.05-09.49.04:702][111]LogSlate: Window 'Pick Parent Class' being destroyed
[2019.10.05-09.49.25:618][335]Cmd: OBJ SAVEPACKAGE PACKAGE="/Game/Blueprints/Gamemode/GM_Standard" FILE="../../../../../../Github/Projets/LudumDare45/LD45/Content/Blueprints/Gamemode/GM_Standard.uasset" SILENT=true
[2019.10.05-09.49.25:719][335]LogSavePackage: Moving '../../../../../../Github/Projets/LudumDare45/LD45/Saved/GM_Standard57E7FE7A4CBB1B00E9546892CB149E4D.tmp' to '../../../../../../Github/Projets/LudumDare45/LD45/Content/Blueprints/Gamemode/GM_Standard.uasset'
[2019.10.05-09.49.32:899][757]LogSlate: Prevented a slow task dialog from being summoned while a context menu was open
[2019.10.05-09.49.37:474][957]LogSlate: Only BGRA pngs, bmps or icos are supported in by External Image Picker
[2019.10.05-09.49.46:279][480]LogUnrealEdMisc: Warning: Heartbeat event firing too frequently (41.447 sec). This should never happen. Something is wrong with the timer delegate!
[2019.10.05-09.49.57:025][123]LogSlate: Window 'Project Settings' being destroyed
[2019.10.05-09.49.57:030][123]LogSlate: Window 'Project Settings' being destroyed
[2019.10.05-09.50.06:079][586]LogSlate: Only BGRA pngs, bmps or icos are supported in by External Image Picker
[2019.10.05-09.50.47:039][530]LogSlate: Window 'Pick Parent Class' being destroyed
[2019.10.05-09.50.58:295][200]Cmd: OBJ SAVEPACKAGE PACKAGE="/Game/Blueprints/Character/BP_BasePawn" FILE="../../../../../../Github/Projets/LudumDare45/LD45/Content/Blueprints/Character/BP_BasePawn.uasset" SILENT=true
[2019.10.05-09.50.58:312][200]LogSavePackage: Moving '../../../../../../Github/Projets/LudumDare45/LD45/Saved/BP_BasePawn69737EDD4DA91B794C5C0AB35357D815.tmp' to '../../../../../../Github/Projets/LudumDare45/LD45/Content/Blueprints/Character/BP_BasePawn.uasset'
[2019.10.05-09.51.21:068][557]LogSlate: Prevented a slow task dialog from being summoned while a context menu was open
[2019.10.05-09.51.46:709][ 55]LogSlate: Window 'Project Settings' being destroyed
[2019.10.05-09.51.46:730][ 55]LogSlate: Window 'Project Settings' being destroyed
[2019.10.05-09.54.43:896][ 19]Cmd: OBJ SAVEPACKAGE PACKAGE="/Game/_Levels/PlayLevel" FILE="../../../../../../Github/Projets/LudumDare45/LD45/Content/_Levels/PlayLevel.umap" SILENT=true AUTOSAVING=false KEEPDIRTY=false
[2019.10.05-09.54.43:977][ 19]LogUObjectHash: Compacting FUObjectHashTables data took   2.19ms
[2019.10.05-09.54.44:064][ 19]LogSavePackage: Moving '../../../../../../Github/Projets/LudumDare45/LD45/Saved/PlayLevel498F36A14AE09498C29953942BACE1B1.tmp' to '../../../../../../Github/Projets/LudumDare45/LD45/Content/_Levels/PlayLevel.umap'
[2019.10.05-09.54.44:068][ 19]LogFileHelpers: Saving map 'PlayLevel' took 0.173
[2019.10.05-09.54.49:757][234]LogSlate: Only BGRA pngs, bmps or icos are supported in by External Image Picker
[2019.10.05-09.55.20:321][967]LogSlate: Window 'Project Settings' being destroyed
[2019.10.05-09.55.20:327][967]LogSlate: Window 'Project Settings' being destroyed
[2019.10.05-09.55.21:541][ 30]LogUObjectHash: Compacting FUObjectHashTables data took   1.94ms
[2019.10.05-09.55.21:767][ 30]LogSavePackage: Moving '../../../../../../Github/Projets/LudumDare45/LD45/Saved/Minimal_Default3CE7D7224F5F17C4F3E45BB9FE62232A.tmp' to '../../../../../../Github/Projets/LudumDare45/LD45/Content/StarterContent/Maps/Minimal_Default.umap'
[2019.10.05-09.55.34:053][751]LogSlate: FSceneViewport::OnFocusLost() reason 0
[2019.10.05-09.55.34:195][759]LogAssetEditorManager: Opening Asset editor for World /Game/_Levels/PlayLevel.PlayLevel
[2019.10.05-09.55.34:228][759]LogUObjectHash: Compacting FUObjectHashTables data took   1.54ms
[2019.10.05-09.55.36:169][759]LogSlate: Window 'Save Content' being destroyed
[2019.10.05-09.55.36:179][759]Cmd: OBJ SAVEPACKAGE PACKAGE="/Game/Blueprints/Gamemode/GM_Standard" FILE="../../../../../../Github/Projets/LudumDare45/LD45/Content/Blueprints/Gamemode/GM_Standard.uasset" SILENT=true
[2019.10.05-09.55.36:249][759]LogSavePackage: Moving '../../../../../../Github/Projets/LudumDare45/LD45/Saved/GM_Standard640BF3D749DC5E8278A04683083597C6.tmp' to '../../../../../../Github/Projets/LudumDare45/LD45/Content/Blueprints/Gamemode/GM_Standard.uasset'
[2019.10.05-09.55.36:328][759]Cmd: MAP LOAD FILE="../../../../../../Github/Projets/LudumDare45/LD45/Content/_Levels/PlayLevel.umap" TEMPLATE=0 SHOWPROGRESS=1 FEATURELEVEL=3
[2019.10.05-09.55.36:328][759]LightingResults: New page: Lighting Build
[2019.10.05-09.55.36:411][759]LoadErrors: New page: Loading map: PlayLevel.umap
[2019.10.05-09.55.37:032][759]MapCheck: New page: Map Check
[2019.10.05-09.55.37:032][759]LightingResults: New page: Lighting Build
[2019.10.05-09.55.37:691][759]LogUObjectHash: Compacting FUObjectHashTables data took  15.85ms
[2019.10.05-09.55.38:195][759]LogEditorServer: Finished looking for orphan Actors (0.000 secs)
[2019.10.05-09.55.38:195][759]LogAIModule: Creating AISystem for world PlayLevel
[2019.10.05-09.55.38:329][759]LogUObjectHash: Compacting FUObjectHashTables data took   1.21ms
[2019.10.05-09.55.38:398][759]Cmd: MAP CHECKDEP NOCLEARLOG
[2019.10.05-09.55.38:398][759]MapCheck: Map check complete: 0 Error(s), 0 Warning(s), took 0,127ms to complete.
[2019.10.05-09.55.38:401][759]LogFileHelpers: Loading map 'PlayLevel' took 2.148
[2019.10.05-09.56.07:278][468]LogSlate: FSceneViewport::OnFocusLost() reason 0
[2019.10.05-09.56.29:034][719]LogSlate: FSceneViewport::OnFocusLost() reason 0
[2019.10.05-09.56.33:674][990]LogSlate: FSceneViewport::OnFocusLost() reason 0
[2019.10.05-09.56.34:963][ 63]LogSlate: FSceneViewport::OnFocusLost() reason 2
[2019.10.05-09.56.34:977][ 63]Cmd: OBJ SAVEPACKAGE PACKAGE="/Game/_Levels/PlayLevel" FILE="../../../../../../Github/Projets/LudumDare45/LD45/Content/_Levels/PlayLevel.umap" SILENT=true AUTOSAVING=false KEEPDIRTY=false
[2019.10.05-09.56.35:011][ 63]LogUObjectHash: Compacting FUObjectHashTables data took   1.76ms
[2019.10.05-09.56.35:115][ 63]LogSavePackage: Moving '../../../../../../Github/Projets/LudumDare45/LD45/Saved/PlayLevelB5E33DB641A9D973B341048245BF729A.tmp' to '../../../../../../Github/Projets/LudumDare45/LD45/Content/_Levels/PlayLevel.umap'
[2019.10.05-09.56.37:126][181]LogSlate: FSceneViewport::OnFocusLost() reason 0
[2019.10.05-09.56.43:814][571]LogActorFactory: Actor Factory created Cube
[2019.10.05-09.56.44:853][598]LogActorFactory: Actor Factory created Cube
[2019.10.05-09.56.47:498][756]LogSlate: FSceneViewport::OnFocusLost() reason 0
[2019.10.05-09.56.57:558][296]Cmd: CAMERA ALIGN ACTIVEVIEWPORTONLY
[2019.10.05-09.57.03:803][667]LogSlate: FSceneViewport::OnFocusLost() reason 0
[2019.10.05-09.57.11:553][126]LogSlate: FSceneViewport::OnFocusLost() reason 0
[2019.10.05-09.57.13:518][239]LogSlate: FSceneViewport::OnFocusLost() reason 0
[2019.10.05-09.57.17:146][456]Cmd: CAMERA ALIGN ACTIVEVIEWPORTONLY
[2019.10.05-09.57.20:385][649]LogSlate: FSceneViewport::OnFocusLost() reason 0
[2019.10.05-09.57.20:872][673]Cmd: CAMERA ALIGN ACTIVEVIEWPORTONLY
[2019.10.05-09.57.26:032][969]Cmd: TRANSACTION UNDO
[2019.10.05-09.57.26:032][969]LogEditorTransaction: Undo Scale Actors
[2019.10.05-09.57.28:888][128]Cmd: TRANSACTION UNDO
[2019.10.05-09.57.28:888][128]LogEditorTransaction: Undo Scale Actors
[2019.10.05-09.57.32:560][347]Cmd: CAMERA ALIGN ACTIVEVIEWPORTONLY
[2019.10.05-09.57.41:695][887]Cmd: CAMERA ALIGN ACTIVEVIEWPORTONLY
[2019.10.05-09.57.44:249][ 34]LogSlate: FSceneViewport::OnFocusLost() reason 2
[2019.10.05-09.57.44:266][ 34]Cmd: OBJ SAVEPACKAGE PACKAGE="/Game/_Levels/PlayLevel" FILE="../../../../../../Github/Projets/LudumDare45/LD45/Content/_Levels/PlayLevel.umap" SILENT=true AUTOSAVING=false KEEPDIRTY=false
[2019.10.05-09.57.44:298][ 34]LogUObjectHash: Compacting FUObjectHashTables data took   2.38ms
[2019.10.05-09.57.44:423][ 34]LogSavePackage: Moving '../../../../../../Github/Projets/LudumDare45/LD45/Saved/PlayLevel281CC14348E1262E6ADD9C9A87E8D139.tmp' to '../../../../../../Github/Projets/LudumDare45/LD45/Content/_Levels/PlayLevel.umap'
[2019.10.05-09.57.54:462][618]Cmd: OBJ SAVEPACKAGE PACKAGE="/Game/_Levels/PlayLevel" FILE="../../../../../../Github/Projets/LudumDare45/LD45/Content/_Levels/PlayLevel.umap" SILENT=true AUTOSAVING=false KEEPDIRTY=false
[2019.10.05-09.57.54:495][618]LogUObjectHash: Compacting FUObjectHashTables data took   2.06ms
[2019.10.05-09.57.54:602][618]LogSavePackage: Moving '../../../../../../Github/Projets/LudumDare45/LD45/Saved/PlayLevel1E55F45845EAA3044F2CE99B70A35B37.tmp' to '../../../../../../Github/Projets/LudumDare45/LD45/Content/_Levels/PlayLevel.umap'
[2019.10.05-09.58.01:553][ 30]Cmd: OBJ SAVEPACKAGE PACKAGE="/Game/_Levels/PlayLevel" FILE="../../../../../../Github/Projets/LudumDare45/LD45/Content/_Levels/PlayLevel.umap" SILENT=true AUTOSAVING=false KEEPDIRTY=false
[2019.10.05-09.58.01:583][ 30]LogUObjectHash: Compacting FUObjectHashTables data took   1.88ms
[2019.10.05-09.58.01:735][ 30]LogSavePackage: Moving '../../../../../../Github/Projets/LudumDare45/LD45/Saved/PlayLevelAC20229948CE57EF66602998700CE345.tmp' to '../../../../../../Github/Projets/LudumDare45/LD45/Content/_Levels/PlayLevel.umap'
[2019.10.05-09.58.03:383][127]LogSlate: FSceneViewport::OnFocusLost() reason 0
[2019.10.05-09.58.03:958][160]Cmd: CAMERA ALIGN ACTIVEVIEWPORTONLY
[2019.10.05-09.58.10:675][556]LogSlate: FSceneViewport::OnFocusLost() reason 0
[2019.10.05-09.58.28:784][621]LogSlate: FSceneViewport::OnFocusLost() reason 0
[2019.10.05-09.58.30:090][698]Cmd: OBJ SAVEPACKAGE PACKAGE="/Game/_Levels/PlayLevel" FILE="../../../../../../Github/Projets/LudumDare45/LD45/Content/_Levels/PlayLevel.umap" SILENT=true AUTOSAVING=false KEEPDIRTY=false
[2019.10.05-09.58.30:122][698]LogUObjectHash: Compacting FUObjectHashTables data took   1.87ms
[2019.10.05-09.58.30:225][698]LogSavePackage: Moving '../../../../../../Github/Projets/LudumDare45/LD45/Saved/PlayLevelD50BE43E4F829BD9F14CAF84E24B0B65.tmp' to '../../../../../../Github/Projets/LudumDare45/LD45/Content/_Levels/PlayLevel.umap'
[2019.10.05-09.58.34:390][943]LogNavigationPoint: PostEditMove Clear paths rebuilt
[2019.10.05-09.58.34:542][945]LogSlate: FSceneViewport::OnFocusLost() reason 2
[2019.10.05-09.58.34:557][945]Cmd: OBJ SAVEPACKAGE PACKAGE="/Game/_Levels/PlayLevel" FILE="../../../../../../Github/Projets/LudumDare45/LD45/Content/_Levels/PlayLevel.umap" SILENT=true AUTOSAVING=false KEEPDIRTY=false
[2019.10.05-09.58.34:590][945]LogUObjectHash: Compacting FUObjectHashTables data took   2.06ms
[2019.10.05-09.58.34:692][945]LogSavePackage: Moving '../../../../../../Github/Projets/LudumDare45/LD45/Saved/PlayLevel4081533942BFCE9D6B0534B06B7C09B2.tmp' to '../../../../../../Github/Projets/LudumDare45/LD45/Content/_Levels/PlayLevel.umap'
[2019.10.05-09.58.36:527][ 50]LogTemp: Repeating last play command: Selected Viewport
[2019.10.05-09.58.36:667][ 50]LogBlueprintUserMessages: Early PlayInEditor Detection: Level '/Game/_Levels/PlayLevel.PlayLevel:PersistentLevel' has LevelScriptBlueprint '/Game/_Levels/PlayLevel.PlayLevel:PersistentLevel.PlayLevel' with GeneratedClass '/Game/_Levels/PlayLevel.PlayLevel_C' with ClassGeneratedBy '/Game/_Levels/PlayLevel.PlayLevel:PersistentLevel.PlayLevel'
[2019.10.05-09.58.36:699][ 50]LogPlayLevel: PlayLevel: No blueprints needed recompiling
[2019.10.05-09.58.36:774][ 50]PIE: New page: PIE session: PlayLevel (5 oct. 2019 13:58:36)
[2019.10.05-09.58.37:081][ 50]LogPlayLevel: Creating play world package: /Game/_Levels/UEDPIE_0_PlayLevel
[2019.10.05-09.58.37:113][ 50]LogPlayLevel: PIE: StaticDuplicateObject took: (0.031751s)
[2019.10.05-09.58.37:128][ 50]LogAIModule: Creating AISystem for world PlayLevel
[2019.10.05-09.58.37:139][ 50]LogPlayLevel: PIE: World Init took: (0.025067s)
[2019.10.05-09.58.37:140][ 50]LogPlayLevel: PIE: Created PIE world by copying editor world from /Game/_Levels/PlayLevel.PlayLevel to /Game/_Levels/UEDPIE_0_PlayLevel.PlayLevel (0.057494s)
[2019.10.05-09.58.37:166][ 50]LogUObjectHash: Compacting FUObjectHashTables data took   1.78ms
[2019.10.05-09.58.37:273][ 50]LogInit: XAudio2 using 'Speakers (Realtek High Definition Audio)' : 2 channels at 48 kHz using 32 bits per sample (channel mask 0x3)
[2019.10.05-09.58.37:418][ 50]LogInit: FAudioDevice initialized.
[2019.10.05-09.58.37:684][ 50]LogLoad: Game class is 'GM_Standard_C'
[2019.10.05-09.58.37:842][ 50]LogWorld: Bringing World /Game/_Levels/UEDPIE_0_PlayLevel.PlayLevel up for play (max tick rate 60) at 2019.10.05-11.58.37
[2019.10.05-09.58.37:855][ 50]LogWorld: Bringing up level for play took: 0.012679
[2019.10.05-09.58.38:424][ 50]LogContentBrowser: Native class hierarchy updated for 'MovieSceneCapture' in 0.0315 seconds. Added 20 classes and 0 folders.
[2019.10.05-09.58.38:431][ 50]LogGameMode: Display: Match State Changed from EnteringMap to WaitingToStart
[2019.10.05-09.58.38:431][ 50]LogGameState: Match State Changed from EnteringMap to WaitingToStart
[2019.10.05-09.58.38:431][ 50]LogGameMode: Display: Match State Changed from WaitingToStart to InProgress
[2019.10.05-09.58.38:557][ 50]LogGameState: Match State Changed from WaitingToStart to InProgress
[2019.10.05-09.58.38:739][ 50]PIE: Play in editor start time for /Game/_Levels/UEDPIE_0_PlayLevel 1,539
[2019.10.05-09.58.38:739][ 50]LogBlueprintUserMessages: Late PlayInEditor Detection: Level '/Game/_Levels/PlayLevel.PlayLevel:PersistentLevel' has LevelScriptBlueprint '/Game/_Levels/PlayLevel.PlayLevel:PersistentLevel.PlayLevel' with GeneratedClass '/Game/_Levels/PlayLevel.PlayLevel_C' with ClassGeneratedBy '/Game/_Levels/PlayLevel.PlayLevel:PersistentLevel.PlayLevel'
[2019.10.05-09.58.41:726][184]LogBlueprintUserMessages: Early EndPlayMap Detection: Level '/Game/_Levels/PlayLevel.PlayLevel:PersistentLevel' has LevelScriptBlueprint '/Game/_Levels/PlayLevel.PlayLevel:PersistentLevel.PlayLevel' with GeneratedClass '/Game/_Levels/PlayLevel.PlayLevel_C' with ClassGeneratedBy '/Game/_Levels/PlayLevel.PlayLevel:PersistentLevel.PlayLevel'
[2019.10.05-09.58.41:773][184]LogSlate: Updating window title bar state: overlay mode, drag disabled, window buttons hidden, title bar hidden
[2019.10.05-09.58.41:914][184]LogPlayLevel: Display: Shutting down PIE online subsystems
[2019.10.05-09.58.41:914][184]LogBlueprintUserMessages: Late EndPlayMap Detection: Level '/Game/_Levels/PlayLevel.PlayLevel:PersistentLevel' has LevelScriptBlueprint '/Game/_Levels/PlayLevel.PlayLevel:PersistentLevel.PlayLevel' with GeneratedClass '/Game/_Levels/PlayLevel.PlayLevel_C' with ClassGeneratedBy '/Game/_Levels/PlayLevel.PlayLevel:PersistentLevel.PlayLevel'
[2019.10.05-09.58.42:034][184]LogSlate: Updating window title bar state: overlay mode, drag disabled, window buttons hidden, title bar hidden
[2019.10.05-09.58.42:066][184]LogUObjectHash: Compacting FUObjectHashTables data took   2.00ms
[2019.10.05-09.58.42:097][185]LogPlayLevel: Display: Destroying online subsystem :Context_5
[2019.10.05-09.58.45:082][360]LogSlate: FSceneViewport::OnFocusLost() reason 0
[2019.10.05-09.58.57:032][ 60]LogAssetEditorManager: Opening Asset editor for Blueprint /Game/Blueprints/Character/BP_BasePawn.BP_BasePawn
[2019.10.05-09.58.58:907][ 60]LogContentBrowser: Native class hierarchy updated for 'BlueprintGraph' in 0.0288 seconds. Added 121 classes and 0 folders.
[2019.10.05-09.59.03:761][141]LogRenderer: Reallocating scene render targets to support 864x472 Format 10 NumSamples 1 (Frame:83).
[2019.10.05-09.59.06:673][304]LogSlate: Took 0.058165 seconds to synchronously load lazily loaded font '../../../Engine/Content/Slate/Fonts/Roboto-Italic.ttf' (157K)
[2019.10.05-09.59.25:797][422]LogSlate: FSceneViewport::OnFocusLost() reason 0
[2019.10.05-09.59.33:315][871]LogSlate: FSceneViewport::OnFocusLost() reason 0
[2019.10.05-09.59.35:819][ 18]LogTemp: Repeating last play command: Selected Viewport
[2019.10.05-09.59.35:843][ 18]LogBlueprintUserMessages: Early PlayInEditor Detection: Level '/Game/_Levels/PlayLevel.PlayLevel:PersistentLevel' has LevelScriptBlueprint '/Game/_Levels/PlayLevel.PlayLevel:PersistentLevel.PlayLevel' with GeneratedClass '/Game/_Levels/PlayLevel.PlayLevel_C' with ClassGeneratedBy '/Game/_Levels/PlayLevel.PlayLevel:PersistentLevel.PlayLevel'
[2019.10.05-09.59.35:843][ 18]LogPlayLevel: PlayLevel: No blueprints needed recompiling
[2019.10.05-09.59.35:844][ 18]PIE: New page: PIE session: PlayLevel (5 oct. 2019 13:59:35)
[2019.10.05-09.59.35:844][ 18]LogPlayLevel: Creating play world package: /Game/_Levels/UEDPIE_0_PlayLevel
[2019.10.05-09.59.35:846][ 18]LogPlayLevel: PIE: StaticDuplicateObject took: (0.001964s)
[2019.10.05-09.59.35:846][ 18]LogAIModule: Creating AISystem for world PlayLevel
[2019.10.05-09.59.35:847][ 18]LogPlayLevel: PIE: World Init took: (0.000761s)
[2019.10.05-09.59.35:847][ 18]LogPlayLevel: PIE: Created PIE world by copying editor world from /Game/_Levels/PlayLevel.PlayLevel to /Game/_Levels/UEDPIE_0_PlayLevel.PlayLevel (0.002959s)
[2019.10.05-09.59.35:970][ 18]LogUObjectHash: Compacting FUObjectHashTables data took  45.47ms
[2019.10.05-09.59.35:990][ 18]LogInit: XAudio2 using 'Speakers (Realtek High Definition Audio)' : 2 channels at 48 kHz using 32 bits per sample (channel mask 0x3)
[2019.10.05-09.59.36:089][ 18]LogInit: FAudioDevice initialized.
[2019.10.05-09.59.36:117][ 18]LogLoad: Game class is 'GM_Standard_C'
[2019.10.05-09.59.36:119][ 18]LogWorld: Bringing World /Game/_Levels/UEDPIE_0_PlayLevel.PlayLevel up for play (max tick rate 60) at 2019.10.05-11.59.36
[2019.10.05-09.59.36:119][ 18]LogWorld: Bringing up level for play took: 0.000681
[2019.10.05-09.59.36:133][ 18]LogGameMode: Display: Match State Changed from EnteringMap to WaitingToStart
[2019.10.05-09.59.36:133][ 18]LogGameState: Match State Changed from EnteringMap to WaitingToStart
[2019.10.05-09.59.36:133][ 18]LogGameMode: Display: Match State Changed from WaitingToStart to InProgress
[2019.10.05-09.59.36:133][ 18]LogGameState: Match State Changed from WaitingToStart to InProgress
[2019.10.05-09.59.36:133][ 18]PIE: Play in editor start time for /Game/_Levels/UEDPIE_0_PlayLevel 0,969
[2019.10.05-09.59.36:133][ 18]LogBlueprintUserMessages: Late PlayInEditor Detection: Level '/Game/_Levels/PlayLevel.PlayLevel:PersistentLevel' has LevelScriptBlueprint '/Game/_Levels/PlayLevel.PlayLevel:PersistentLevel.PlayLevel' with GeneratedClass '/Game/_Levels/PlayLevel.PlayLevel_C' with ClassGeneratedBy '/Game/_Levels/PlayLevel.PlayLevel:PersistentLevel.PlayLevel'
[2019.10.05-09.59.42:959][409]LogSlate: FSceneViewport::OnFocusLost() reason 2
[2019.10.05-09.59.49:701][799]LogBlueprintUserMessages: Early EndPlayMap Detection: Level '/Game/_Levels/PlayLevel.PlayLevel:PersistentLevel' has LevelScriptBlueprint '/Game/_Levels/PlayLevel.PlayLevel:PersistentLevel.PlayLevel' with GeneratedClass '/Game/_Levels/PlayLevel.PlayLevel_C' with ClassGeneratedBy '/Game/_Levels/PlayLevel.PlayLevel:PersistentLevel.PlayLevel'
[2019.10.05-09.59.49:701][799]LogSlate: Updating window title bar state: overlay mode, drag disabled, window buttons hidden, title bar hidden
[2019.10.05-09.59.49:732][799]LogPlayLevel: Display: Shutting down PIE online subsystems
[2019.10.05-09.59.49:732][799]LogBlueprintUserMessages: Late EndPlayMap Detection: Level '/Game/_Levels/PlayLevel.PlayLevel:PersistentLevel' has LevelScriptBlueprint '/Game/_Levels/PlayLevel.PlayLevel:PersistentLevel.PlayLevel' with GeneratedClass '/Game/_Levels/PlayLevel.PlayLevel_C' with ClassGeneratedBy '/Game/_Levels/PlayLevel.PlayLevel:PersistentLevel.PlayLevel'
[2019.10.05-09.59.49:777][799]LogSlate: Updating window title bar state: overlay mode, drag disabled, window buttons hidden, title bar hidden
[2019.10.05-09.59.49:781][799]LogUObjectHash: Compacting FUObjectHashTables data took   2.32ms
[2019.10.05-09.59.49:811][801]LogPlayLevel: Display: Destroying online subsystem :Context_7
[2019.10.05-09.59.52:843][982]LogSlate: FSceneViewport::OnFocusLost() reason 0
[2019.10.05-10.01.52:558][210]LogEditorViewport: Clicking on Actor (LMB): PlayerStart (PlayerStart)
[2019.10.05-10.02.03:082][838]LogSlate: FSceneViewport::OnFocusLost() reason 0
[2019.10.05-10.02.16:223][474]LogSlate: Window 'Pick Parent Class' being destroyed
[2019.10.05-10.02.23:845][928]Cmd: OBJ SAVEPACKAGE PACKAGE="/Game/Blueprints/Controller/BP_PlayerController" FILE="../../../../../../Github/Projets/LudumDare45/LD45/Content/Blueprints/Controller/BP_PlayerController.uasset" SILENT=true
[2019.10.05-10.02.23:860][928]LogSavePackage: Moving '../../../../../../Github/Projets/LudumDare45/LD45/Saved/BP_PlayerController05833AEA4A5D200CA3A091A13D303EFF.tmp' to '../../../../../../Github/Projets/LudumDare45/LD45/Content/Blueprints/Controller/BP_PlayerController.uasset'
[2019.10.05-10.02.57:444][520]LogSlate: Only BGRA pngs, bmps or icos are supported in by External Image Picker
[2019.10.05-10.03.39:112][998]LogSlate: Prevented a slow task dialog from being summoned while a context menu was open
[2019.10.05-10.03.43:041][231]LogSlate: Window 'Project Settings' being destroyed
[2019.10.05-10.03.43:046][231]LogSlate: Window 'Project Settings' being destroyed
[2019.10.05-10.03.44:286][303]Cmd: OBJ SAVEPACKAGE PACKAGE="/Game/_Levels/PlayLevel" FILE="../../../../../../Github/Projets/LudumDare45/LD45/Content/_Levels/PlayLevel.umap" SILENT=true AUTOSAVING=false KEEPDIRTY=false
[2019.10.05-10.03.44:328][303]LogUObjectHash: Compacting FUObjectHashTables data took   2.69ms
[2019.10.05-10.03.44:534][303]LogSavePackage: Moving '../../../../../../Github/Projets/LudumDare45/LD45/Saved/PlayLevel642E48DC417A64A9D4ADF1AE2A90A581.tmp' to '../../../../../../Github/Projets/LudumDare45/LD45/Content/_Levels/PlayLevel.umap'
[2019.10.05-10.05.51:059][940]LogSlate: FSceneViewport::OnFocusLost() reason 2
[2019.10.05-10.05.55:539][170]LogSlate: Window 'BP_BasePawn' being destroyed
[2019.10.05-10.05.55:546][170]LogSlate: Window 'BP_BasePawn' being destroyed
[2019.10.05-10.06.00:833][466]LogSlate: FSceneViewport::OnFocusLost() reason 0
[2019.10.05-10.06.00:976][474]LogAssetEditorManager: Opening Asset editor for Blueprint /Game/Blueprints/Controller/BP_PlayerController.BP_PlayerController
[2019.10.05-10.06.03:008][559]LogSlate: Took 0.062009 seconds to synchronously load lazily loaded font '../../../Engine/Content/Slate/Fonts/Roboto-BoldCondensed.ttf' (158K)
[2019.10.05-10.06.19:936][506]BlueprintLog: New page: Compile BP_PlayerController
[2019.10.05-10.06.20:182][506]LogUObjectHash: Compacting FUObjectHashTables data took   3.49ms
[2019.10.05-10.06.21:304][564]Cmd: OBJ SAVEPACKAGE PACKAGE="/Game/Blueprints/Controller/BP_PlayerController" FILE="../../../../../../Github/Projets/LudumDare45/LD45/Content/Blueprints/Controller/BP_PlayerController.uasset" SILENT=true
[2019.10.05-10.06.21:431][564]LogSavePackage: Moving '../../../../../../Github/Projets/LudumDare45/LD45/Saved/BP_PlayerController4336BF374E8B4D7A0BF984A5F7FC63DD.tmp' to '../../../../../../Github/Projets/LudumDare45/LD45/Content/Blueprints/Controller/BP_PlayerController.uasset'
[2019.10.05-10.06.43:672][839]BlueprintLog: New page: Compile BP_PlayerController
[2019.10.05-10.06.43:866][839]LogUObjectHash: Compacting FUObjectHashTables data took   3.61ms
[2019.10.05-10.06.44:103][850]Cmd: OBJ SAVEPACKAGE PACKAGE="/Game/Blueprints/Controller/BP_PlayerController" FILE="../../../../../../Github/Projets/LudumDare45/LD45/Content/Blueprints/Controller/BP_PlayerController.uasset" SILENT=true
[2019.10.05-10.06.44:132][850]LogSavePackage: Moving '../../../../../../Github/Projets/LudumDare45/LD45/Saved/BP_PlayerController36C0084049CEB1F789C403A6A9BC6E87.tmp' to '../../../../../../Github/Projets/LudumDare45/LD45/Content/Blueprints/Controller/BP_PlayerController.uasset'
[2019.10.05-10.07.01:283][801]LogSlate: Only BGRA pngs, bmps or icos are supported in by External Image Picker
[2019.10.05-10.08.44:588][199]LogSlate: Window 'Project Settings' being destroyed
[2019.10.05-10.08.44:597][199]LogSlate: Window 'Project Settings' being destroyed
[2019.10.05-10.08.45:909][330]Cmd: OBJ SAVEPACKAGE PACKAGE="/Game/_Levels/PlayLevel" FILE="../../../../../../Github/Projets/LudumDare45/LD45/Content/_Levels/PlayLevel.umap" SILENT=true AUTOSAVING=false KEEPDIRTY=false
[2019.10.05-10.08.45:953][330]LogUObjectHash: Compacting FUObjectHashTables data took   3.50ms
[2019.10.05-10.08.46:123][330]LogSavePackage: Moving '../../../../../../Github/Projets/LudumDare45/LD45/Saved/PlayLevelD679B3204FD76C4EB309F9A45E4A2F24.tmp' to '../../../../../../Github/Projets/LudumDare45/LD45/Content/_Levels/PlayLevel.umap'
